[INFO] Scanning for projects...
[INFO] ------------------------------------------------------------------------
[INFO] Reactor Build Order:
[INFO] 
[INFO] tez                                                                [pom]
[INFO] hadoop-shim                                                        [jar]
[INFO] tez-api                                                            [jar]
[INFO] tez-common                                                         [jar]
[INFO] tez-runtime-internals                                              [jar]
[INFO] tez-runtime-library                                                [jar]
[INFO] tez-mapreduce                                                      [jar]
[INFO] tez-examples                                                       [jar]
[INFO] tez-dag                                                            [jar]
[INFO] tez-tests                                                          [jar]
[INFO] tez-ext-service-tests                                              [jar]
[INFO] tez-plugins                                                        [pom]
[INFO] tez-yarn-timeline-history                                          [jar]
[INFO] tez-yarn-timeline-history-with-acls                                [jar]
[INFO] tez-yarn-timeline-cache-plugin                                     [jar]
[INFO] tez-yarn-timeline-history-with-fs                                  [jar]
[INFO] tez-history-parser                                                 [jar]
[INFO] tez-aux-services                                                   [jar]
[INFO] tez-tools                                                          [pom]
[INFO] tez-perf-analyzer                                                  [pom]
[INFO] tez-job-analyzer                                                   [jar]
[INFO] tez-javadoc-tools                                                  [jar]
[INFO] hadoop-shim-impls                                                  [pom]
[INFO] hadoop-shim-2.8                                                    [jar]
[INFO] tez-dist                                                           [pom]
[INFO] Tez                                                                [pom]
[INFO] 
[INFO] -------------------------< org.apache.tez:tez >-------------------------
[INFO] Building tez 0.9.1-TDP-0.1.0-SNAPSHOT                             [1/26]
[INFO] --------------------------------[ pom ]---------------------------------
[INFO] 
[INFO] --- maven-clean-plugin:3.0.0:clean (default-clean) @ tez ---
[INFO] Deleting /tdp/tez/target
[INFO] 
[INFO] --- maven-enforcer-plugin:1.4:enforce (clean) @ tez ---
[INFO] 
[INFO] --- buildnumber-maven-plugin:1.1:create (default) @ tez ---
[INFO] Checking for local modifications: skipped.
[INFO] Updating project files from SCM: skipped.
[INFO] Executing: /bin/sh -c cd /tdp/tez && git rev-parse --verify HEAD
[INFO] Working directory: /tdp/tez
[INFO] Storing buildNumber: 7d9e5afb310a2560728063df81bfa6f6feba0791 at timestamp: 1692200012226
[INFO] Executing: /bin/sh -c cd /tdp/tez && git rev-parse --verify HEAD
[INFO] Working directory: /tdp/tez
[INFO] Storing buildScmBranch: UNKNOWN
[INFO] 
[INFO] --- build-helper-maven-plugin:1.8:maven-version (maven-version) @ tez ---
[INFO] 
[INFO] ---------------------< org.apache.tez:hadoop-shim >---------------------
[INFO] Building hadoop-shim 0.9.1-TDP-0.1.0-SNAPSHOT                     [2/26]
[INFO] --------------------------------[ jar ]---------------------------------
[INFO] 
[INFO] --- maven-clean-plugin:3.0.0:clean (default-clean) @ hadoop-shim ---
[INFO] Deleting /tdp/tez/hadoop-shim/target
[INFO] 
[INFO] --- buildnumber-maven-plugin:1.1:create (default) @ hadoop-shim ---
[INFO] Checking for local modifications: skipped.
[INFO] Updating project files from SCM: skipped.
[INFO] Executing: /bin/sh -c cd /tdp/tez/hadoop-shim && git rev-parse --verify HEAD
[INFO] Working directory: /tdp/tez/hadoop-shim
[INFO] Storing buildNumber: 7d9e5afb310a2560728063df81bfa6f6feba0791 at timestamp: 1692200012769
[INFO] Executing: /bin/sh -c cd /tdp/tez/hadoop-shim && git rev-parse --verify HEAD
[INFO] Working directory: /tdp/tez/hadoop-shim
[INFO] Storing buildScmBranch: UNKNOWN
[INFO] 
[INFO] --- build-helper-maven-plugin:1.8:maven-version (maven-version) @ hadoop-shim ---
[INFO] 
[INFO] --- maven-resources-plugin:2.6:resources (default-resources) @ hadoop-shim ---
[INFO] Using 'UTF-8' encoding to copy filtered resources.
[INFO] skip non existing resourceDirectory /tdp/tez/hadoop-shim/src/main/resources
[INFO] 
[INFO] --- maven-compiler-plugin:3.1:compile (default-compile) @ hadoop-shim ---
[INFO] Changes detected - recompiling the module!
[INFO] Compiling 4 source files to /tdp/tez/hadoop-shim/target/classes
[INFO] 
[INFO] --- maven-resources-plugin:2.6:testResources (default-testResources) @ hadoop-shim ---
[INFO] Using 'UTF-8' encoding to copy filtered resources.
[INFO] Copying 1 resource
[INFO] 
[INFO] --- maven-compiler-plugin:3.1:testCompile (default-testCompile) @ hadoop-shim ---
[INFO] Changes detected - recompiling the module!
[INFO] Compiling 2 source files to /tdp/tez/hadoop-shim/target/test-classes
[INFO] 
[INFO] --- maven-surefire-plugin:2.14.1:test (default-test) @ hadoop-shim ---
[INFO] Surefire report directory: /tdp/tez/hadoop-shim/target/surefire-reports
Downloading from maven2-repository.atlassian: https://maven.atlassian.com/repository/public/org/apache/maven/surefire/surefire-junit4/2.14.1/surefire-junit4-2.14.1.pom
Progress (1): 2.5 kB                    Downloaded from maven2-repository.atlassian: https://maven.atlassian.com/repository/public/org/apache/maven/surefire/surefire-junit4/2.14.1/surefire-junit4-2.14.1.pom (2.5 kB at 2.0 kB/s)
Downloading from maven2-repository.atlassian: https://maven.atlassian.com/repository/public/org/apache/maven/surefire/surefire-providers/2.14.1/surefire-providers-2.14.1.pom
Progress (1): 2.4 kB                    Downloaded from maven2-repository.atlassian: https://maven.atlassian.com/repository/public/org/apache/maven/surefire/surefire-providers/2.14.1/surefire-providers-2.14.1.pom (2.4 kB at 2.7 kB/s)
Downloading from maven2-repository.atlassian: https://maven.atlassian.com/repository/public/org/apache/maven/surefire/surefire-junit4/2.14.1/surefire-junit4-2.14.1.jar
Progress (1): 4.1/79 kBProgress (1): 7.0/79 kBProgress (1): 11/79 kB Progress (1): 15/79 kBProgress (1): 15/79 kBProgress (1): 19/79 kBProgress (1): 23/79 kBProgress (1): 28/79 kBProgress (1): 32/79 kBProgress (1): 36/79 kBProgress (1): 40/79 kBProgress (1): 44/79 kBProgress (1): 48/79 kBProgress (1): 52/79 kBProgress (1): 56/79 kBProgress (1): 60/79 kBProgress (1): 64/79 kBProgress (1): 68/79 kBProgress (1): 73/79 kBProgress (1): 77/79 kBProgress (1): 79 kB                      Downloaded from maven2-repository.atlassian: https://maven.atlassian.com/repository/public/org/apache/maven/surefire/surefire-junit4/2.14.1/surefire-junit4-2.14.1.jar (79 kB at 67 kB/s)

-------------------------------------------------------
 T E S T S
-------------------------------------------------------

-------------------------------------------------------
 T E S T S
-------------------------------------------------------
Running org.apache.tez.hadoop.shim.TestHadoopShimsLoader
Tests run: 3, Failures: 0, Errors: 0, Skipped: 0, Time elapsed: 0.134 sec

Results :

Tests run: 3, Failures: 0, Errors: 0, Skipped: 0

[INFO] 
[INFO] -----------------------< org.apache.tez:tez-api >-----------------------
[INFO] Building tez-api 0.9.1-TDP-0.1.0-SNAPSHOT                         [3/26]
[INFO] --------------------------------[ jar ]---------------------------------
[INFO] 
[INFO] --- maven-clean-plugin:3.0.0:clean (default-clean) @ tez-api ---
[INFO] Deleting /tdp/tez/tez-api/target
[INFO] 
[INFO] --- buildnumber-maven-plugin:1.1:create (default) @ tez-api ---
[INFO] Checking for local modifications: skipped.
[INFO] Updating project files from SCM: skipped.
[INFO] Executing: /bin/sh -c cd /tdp/tez/tez-api && git rev-parse --verify HEAD
[INFO] Working directory: /tdp/tez/tez-api
[INFO] Storing buildNumber: 7d9e5afb310a2560728063df81bfa6f6feba0791 at timestamp: 1692200017934
[INFO] Executing: /bin/sh -c cd /tdp/tez/tez-api && git rev-parse --verify HEAD
[INFO] Working directory: /tdp/tez/tez-api
[INFO] Storing buildScmBranch: UNKNOWN
[INFO] 
[INFO] --- build-helper-maven-plugin:1.8:maven-version (maven-version) @ tez-api ---
[INFO] 
[INFO] --- hadoop-maven-plugins:3.1.1-TDP-0.1.0-SNAPSHOT:protoc (compile-protoc) @ tez-api ---
[INFO] Wrote protoc checksums to file /tdp/tez/tez-api/target/hadoop-maven-plugins-protoc-checksums.json
[INFO] 
[INFO] --- maven-resources-plugin:2.6:resources (default-resources) @ tez-api ---
[INFO] Using 'UTF-8' encoding to copy filtered resources.
[INFO] Copying 3 resources
[INFO] Copying 1 resource
[INFO] 
[INFO] --- maven-compiler-plugin:3.1:compile (default-compile) @ tez-api ---
[INFO] Changes detected - recompiling the module!
[INFO] Compiling 181 source files to /tdp/tez/tez-api/target/classes
[WARNING] /tdp/tez/tez-api/src/main/java/org/apache/tez/dag/api/DagTypeConverters.java: Some input files use or override a deprecated API.
[WARNING] /tdp/tez/tez-api/src/main/java/org/apache/tez/dag/api/DagTypeConverters.java: Recompile with -Xlint:deprecation for details.
[INFO] 
[INFO] --- maven-resources-plugin:2.6:testResources (default-testResources) @ tez-api ---
[INFO] Using 'UTF-8' encoding to copy filtered resources.
[INFO] Copying 7 resources
[INFO] 
[INFO] --- maven-compiler-plugin:3.1:testCompile (default-testCompile) @ tez-api ---
[INFO] Changes detected - recompiling the module!
[INFO] Compiling 24 source files to /tdp/tez/tez-api/target/test-classes
[WARNING] /tdp/tez/tez-api/src/test/java/org/apache/tez/dag/api/TestDagTypeConverters.java: /tdp/tez/tez-api/src/test/java/org/apache/tez/dag/api/TestDagTypeConverters.java uses or overrides a deprecated API.
[WARNING] /tdp/tez/tez-api/src/test/java/org/apache/tez/dag/api/TestDagTypeConverters.java: Recompile with -Xlint:deprecation for details.
[INFO] 
[INFO] --- maven-surefire-plugin:2.14.1:test (default-test) @ tez-api ---
[INFO] Surefire report directory: /tdp/tez/tez-api/target/surefire-reports

-------------------------------------------------------
 T E S T S
-------------------------------------------------------

-------------------------------------------------------
 T E S T S
-------------------------------------------------------
Running org.apache.tez.client.TestTezClient
Tests run: 23, Failures: 0, Errors: 0, Skipped: 0, Time elapsed: 40.791 sec
Running org.apache.tez.client.TestTezClientUtils
Tests run: 25, Failures: 0, Errors: 0, Skipped: 0, Time elapsed: 1.306 sec
Running org.apache.tez.dag.api.TestDAGVerify
Tests run: 36, Failures: 0, Errors: 0, Skipped: 0, Time elapsed: 0.499 sec
Running org.apache.tez.dag.api.TestDagTypeConverters
Tests run: 5, Failures: 0, Errors: 0, Skipped: 0, Time elapsed: 0.264 sec
Running org.apache.tez.dag.api.TestTaskLocationHint
Tests run: 1, Failures: 0, Errors: 0, Skipped: 0, Time elapsed: 0.057 sec
Running org.apache.tez.dag.api.TestHistoryLogLevel
Tests run: 2, Failures: 0, Errors: 0, Skipped: 0, Time elapsed: 0.107 sec
Running org.apache.tez.dag.api.client.rpc.TestDAGClient
Tests run: 8, Failures: 0, Errors: 0, Skipped: 0, Time elapsed: 5.939 sec
Running org.apache.tez.dag.api.client.TestATSHttpClient
Tests run: 3, Failures: 0, Errors: 0, Skipped: 0, Time elapsed: 0.685 sec
Running org.apache.tez.dag.api.client.TestTimelineReaderFactory
Tests run: 2, Failures: 0, Errors: 0, Skipped: 0, Time elapsed: 0.575 sec
Running org.apache.tez.dag.api.TestDAGPlan
Tests run: 9, Failures: 0, Errors: 0, Skipped: 0, Time elapsed: 0.455 sec
Running org.apache.tez.dag.api.TestTezConfiguration
Tests run: 2, Failures: 0, Errors: 0, Skipped: 0, Time elapsed: 0.268 sec
Running org.apache.tez.dag.api.TestEntityDescriptor
Tests run: 1, Failures: 0, Errors: 0, Skipped: 0, Time elapsed: 0.258 sec
Running org.apache.tez.dag.api.TestDAG
Tests run: 12, Failures: 0, Errors: 0, Skipped: 0, Time elapsed: 0.43 sec
Running org.apache.tez.runtime.api.event.TestCompositeDataMovementEvent
Tests run: 2, Failures: 0, Errors: 0, Skipped: 0, Time elapsed: 0.043 sec
Running org.apache.tez.common.TestJavaOptsChecker
Tests run: 4, Failures: 0, Errors: 0, Skipped: 0, Time elapsed: 0.1 sec
Running org.apache.tez.common.TestRPCUtil
Tests run: 12, Failures: 0, Errors: 0, Skipped: 0, Time elapsed: 0.051 sec
Running org.apache.tez.common.security.TestDAGAccessControls
Tests run: 2, Failures: 0, Errors: 0, Skipped: 0, Time elapsed: 0.145 sec
Running org.apache.tez.common.security.TestACLManager
Tests run: 9, Failures: 0, Errors: 0, Skipped: 0, Time elapsed: 0.339 sec
Running org.apache.tez.common.security.TestTokenCache
Tests run: 2, Failures: 0, Errors: 0, Skipped: 0, Time elapsed: 0.748 sec
Running org.apache.tez.common.security.TestACLConfigurationParser
Tests run: 3, Failures: 0, Errors: 0, Skipped: 0, Time elapsed: 0.137 sec
Running org.apache.tez.common.TestReflectionUtils
Tests run: 2, Failures: 0, Errors: 0, Skipped: 0, Time elapsed: 0.502 sec
Running org.apache.tez.common.TestVersionInfo
Tests run: 4, Failures: 0, Errors: 0, Skipped: 0, Time elapsed: 0.099 sec
Running org.apache.tez.common.TestTezYARNUtils
Tests run: 7, Failures: 0, Errors: 0, Skipped: 0, Time elapsed: 0.205 sec
Running org.apache.tez.common.TestTezCommonUtils
Tests run: 17, Failures: 0, Errors: 0, Skipped: 0, Time elapsed: 3.319 sec

Results :

Tests run: 193, Failures: 0, Errors: 0, Skipped: 0

[INFO] 
[INFO] ---------------------< org.apache.tez:tez-common >----------------------
[INFO] Building tez-common 0.9.1-TDP-0.1.0-SNAPSHOT                      [4/26]
[INFO] --------------------------------[ jar ]---------------------------------
[INFO] 
[INFO] --- maven-clean-plugin:3.0.0:clean (default-clean) @ tez-common ---
[INFO] Deleting /tdp/tez/tez-common/target
[INFO] 
[INFO] --- buildnumber-maven-plugin:1.1:create (default) @ tez-common ---
[INFO] Checking for local modifications: skipped.
[INFO] Updating project files from SCM: skipped.
[INFO] Executing: /bin/sh -c cd /tdp/tez/tez-common && git rev-parse --verify HEAD
[INFO] Working directory: /tdp/tez/tez-common
[INFO] Storing buildNumber: 7d9e5afb310a2560728063df81bfa6f6feba0791 at timestamp: 1692200084871
[INFO] Executing: /bin/sh -c cd /tdp/tez/tez-common && git rev-parse --verify HEAD
[INFO] Working directory: /tdp/tez/tez-common
[INFO] Storing buildScmBranch: UNKNOWN
[INFO] 
[INFO] --- build-helper-maven-plugin:1.8:maven-version (maven-version) @ tez-common ---
[INFO] 
[INFO] --- maven-resources-plugin:2.6:resources (default-resources) @ tez-common ---
[INFO] Using 'UTF-8' encoding to copy filtered resources.
[INFO] Copying 2 resources
[INFO] 
[INFO] --- maven-compiler-plugin:3.1:compile (default-compile) @ tez-common ---
[INFO] Changes detected - recompiling the module!
[INFO] Compiling 37 source files to /tdp/tez/tez-common/target/classes
[INFO] 
[INFO] --- maven-resources-plugin:2.6:testResources (default-testResources) @ tez-common ---
[INFO] Using 'UTF-8' encoding to copy filtered resources.
[INFO] Copying 3 resources
[INFO] 
[INFO] --- maven-compiler-plugin:3.1:testCompile (default-testCompile) @ tez-common ---
[INFO] Changes detected - recompiling the module!
[INFO] Compiling 11 source files to /tdp/tez/tez-common/target/test-classes
[WARNING] /tdp/tez/tez-common/src/test/java/org/apache/tez/common/DrainDispatcher.java: /tdp/tez/tez-common/src/test/java/org/apache/tez/common/DrainDispatcher.java uses unchecked or unsafe operations.
[WARNING] /tdp/tez/tez-common/src/test/java/org/apache/tez/common/DrainDispatcher.java: Recompile with -Xlint:unchecked for details.
[INFO] 
[INFO] --- maven-surefire-plugin:2.14.1:test (default-test) @ tez-common ---
[INFO] Surefire report directory: /tdp/tez/tez-common/target/surefire-reports

-------------------------------------------------------
 T E S T S
-------------------------------------------------------

-------------------------------------------------------
 T E S T S
-------------------------------------------------------
Running org.apache.tez.util.TestStopWatch
Tests run: 2, Failures: 0, Errors: 0, Skipped: 0, Time elapsed: 0.045 sec
Running org.apache.tez.util.TestTezMxBeanResourceCalculator
Tests run: 1, Failures: 0, Errors: 0, Skipped: 0, Time elapsed: 0.317 sec
Running org.apache.tez.util.TestNumberFormat
Tests run: 1, Failures: 0, Errors: 0, Skipped: 0, Time elapsed: 0.065 sec
Running org.apache.tez.dag.records.TestTezIds
Tests run: 2, Failures: 0, Errors: 0, Skipped: 0, Time elapsed: 0.225 sec
Running org.apache.tez.common.TestAsyncDispatcher
Tests run: 2, Failures: 0, Errors: 0, Skipped: 0, Time elapsed: 0.132 sec
Running org.apache.tez.common.TestTezUtils
Tests run: 8, Failures: 0, Errors: 0, Skipped: 0, Time elapsed: 0.219 sec
Running org.apache.tez.common.TestEnvironmentUpdateUtils
Tests run: 2, Failures: 0, Errors: 0, Skipped: 0, Time elapsed: 0.199 sec
Running org.apache.tez.common.TestAsyncDispatcherConcurrent
Tests run: 3, Failures: 0, Errors: 0, Skipped: 0, Time elapsed: 0.147 sec
Running org.apache.tez.common.TestTezSharedExecutor
Tests run: 4, Failures: 0, Errors: 0, Skipped: 0, Time elapsed: 0.935 sec

Results :

Tests run: 25, Failures: 0, Errors: 0, Skipped: 0

[INFO] 
[INFO] ----------------< org.apache.tez:tez-runtime-internals >----------------
[INFO] Building tez-runtime-internals 0.9.1-TDP-0.1.0-SNAPSHOT           [5/26]
[INFO] --------------------------------[ jar ]---------------------------------
[INFO] 
[INFO] --- maven-clean-plugin:3.0.0:clean (default-clean) @ tez-runtime-internals ---
[INFO] Deleting /tdp/tez/tez-runtime-internals/target
[INFO] 
[INFO] --- buildnumber-maven-plugin:1.1:create (default) @ tez-runtime-internals ---
[INFO] Checking for local modifications: skipped.
[INFO] Updating project files from SCM: skipped.
[INFO] Executing: /bin/sh -c cd /tdp/tez/tez-runtime-internals && git rev-parse --verify HEAD
[INFO] Working directory: /tdp/tez/tez-runtime-internals
[INFO] Storing buildNumber: 7d9e5afb310a2560728063df81bfa6f6feba0791 at timestamp: 1692200089254
[INFO] Executing: /bin/sh -c cd /tdp/tez/tez-runtime-internals && git rev-parse --verify HEAD
[INFO] Working directory: /tdp/tez/tez-runtime-internals
[INFO] Storing buildScmBranch: UNKNOWN
[INFO] 
[INFO] --- build-helper-maven-plugin:1.8:maven-version (maven-version) @ tez-runtime-internals ---
[INFO] 
[INFO] --- hadoop-maven-plugins:3.1.1-TDP-0.1.0-SNAPSHOT:protoc (compile-protoc) @ tez-runtime-internals ---
[INFO] Wrote protoc checksums to file /tdp/tez/tez-runtime-internals/target/hadoop-maven-plugins-protoc-checksums.json
[INFO] 
[INFO] --- maven-resources-plugin:2.6:resources (default-resources) @ tez-runtime-internals ---
[INFO] Using 'UTF-8' encoding to copy filtered resources.
[INFO] Copying 2 resources
[INFO] 
[INFO] --- maven-compiler-plugin:3.1:compile (default-compile) @ tez-runtime-internals ---
[INFO] Changes detected - recompiling the module!
[INFO] Compiling 48 source files to /tdp/tez/tez-runtime-internals/target/classes
[WARNING] /tdp/tez/tez-runtime-internals/src/main/java/org/apache/tez/runtime/metrics/TaskCounterUpdater.java: Some input files use or override a deprecated API.
[WARNING] /tdp/tez/tez-runtime-internals/src/main/java/org/apache/tez/runtime/metrics/TaskCounterUpdater.java: Recompile with -Xlint:deprecation for details.
[INFO] 
[INFO] --- maven-resources-plugin:2.6:testResources (default-testResources) @ tez-runtime-internals ---
[INFO] Using 'UTF-8' encoding to copy filtered resources.
[INFO] Copying 3 resources
[INFO] 
[INFO] --- maven-compiler-plugin:3.1:testCompile (default-testCompile) @ tez-runtime-internals ---
[INFO] Changes detected - recompiling the module!
[INFO] Compiling 12 source files to /tdp/tez/tez-runtime-internals/target/test-classes
[INFO] 
[INFO] --- maven-surefire-plugin:2.14.1:test (default-test) @ tez-runtime-internals ---
[INFO] Surefire report directory: /tdp/tez/tez-runtime-internals/target/surefire-reports

-------------------------------------------------------
 T E S T S
-------------------------------------------------------

-------------------------------------------------------
 T E S T S
-------------------------------------------------------
Running org.apache.tez.runtime.TestLogicalIOProcessorRuntimeTask
Tests run: 1, Failures: 0, Errors: 0, Skipped: 0, Time elapsed: 0.494 sec
Running org.apache.tez.runtime.api.impl.TestTaskSpec
Tests run: 1, Failures: 0, Errors: 0, Skipped: 0, Time elapsed: 0.23 sec
Running org.apache.tez.runtime.api.impl.TestTezEvent
Tests run: 1, Failures: 0, Errors: 0, Skipped: 0, Time elapsed: 0.28 sec
Running org.apache.tez.runtime.api.impl.TestProcessorContext
Tests run: 1, Failures: 0, Errors: 0, Skipped: 0, Time elapsed: 0.429 sec
Running org.apache.tez.runtime.TestInputReadyTracker
Tests run: 3, Failures: 0, Errors: 0, Skipped: 0, Time elapsed: 10.103 sec
Running org.apache.tez.runtime.common.resources.TestMemoryDistributor
Tests run: 5, Failures: 0, Errors: 0, Skipped: 0, Time elapsed: 0.46 sec
Running org.apache.tez.runtime.common.objectregistry.TestObjectRegistry
Tests run: 2, Failures: 0, Errors: 0, Skipped: 0, Time elapsed: 0.052 sec
Running org.apache.tez.runtime.task.TestTaskExecution2
Tests run: 14, Failures: 0, Errors: 0, Skipped: 0, Time elapsed: 1.069 sec
Running org.apache.tez.runtime.task.TestContainerExecution
Tests run: 1, Failures: 0, Errors: 0, Skipped: 0, Time elapsed: 0.242 sec
Running org.apache.tez.runtime.task.TestTezTaskRunner2
Tests run: 1, Failures: 0, Errors: 0, Skipped: 0, Time elapsed: 0.304 sec
Running org.apache.tez.runtime.task.TestTaskReporter
Tests run: 3, Failures: 0, Errors: 0, Skipped: 0, Time elapsed: 2.285 sec

Results :

Tests run: 33, Failures: 0, Errors: 0, Skipped: 0

[INFO] 
[INFO] -----------------< org.apache.tez:tez-runtime-library >-----------------
[INFO] Building tez-runtime-library 0.9.1-TDP-0.1.0-SNAPSHOT             [6/26]
[INFO] --------------------------------[ jar ]---------------------------------
[INFO] 
[INFO] --- maven-clean-plugin:3.0.0:clean (default-clean) @ tez-runtime-library ---
[INFO] Deleting /tdp/tez/tez-runtime-library/target
[INFO] 
[INFO] --- buildnumber-maven-plugin:1.1:create (default) @ tez-runtime-library ---
[INFO] Checking for local modifications: skipped.
[INFO] Updating project files from SCM: skipped.
[INFO] Executing: /bin/sh -c cd /tdp/tez/tez-runtime-library && git rev-parse --verify HEAD
[INFO] Working directory: /tdp/tez/tez-runtime-library
[INFO] Storing buildNumber: 7d9e5afb310a2560728063df81bfa6f6feba0791 at timestamp: 1692200108032
[INFO] Executing: /bin/sh -c cd /tdp/tez/tez-runtime-library && git rev-parse --verify HEAD
[INFO] Working directory: /tdp/tez/tez-runtime-library
[INFO] Storing buildScmBranch: UNKNOWN
[INFO] 
[INFO] --- build-helper-maven-plugin:1.8:maven-version (maven-version) @ tez-runtime-library ---
[INFO] 
[INFO] --- hadoop-maven-plugins:3.1.1-TDP-0.1.0-SNAPSHOT:protoc (compile-protoc) @ tez-runtime-library ---
[INFO] Wrote protoc checksums to file /tdp/tez/tez-runtime-library/target/hadoop-maven-plugins-protoc-checksums.json
[INFO] 
[INFO] --- maven-resources-plugin:2.6:resources (default-resources) @ tez-runtime-library ---
[INFO] Using 'UTF-8' encoding to copy filtered resources.
[INFO] Copying 2 resources
[INFO] 
[INFO] --- maven-compiler-plugin:3.1:compile (default-compile) @ tez-runtime-library ---
[INFO] Changes detected - recompiling the module!
[INFO] Compiling 139 source files to /tdp/tez/tez-runtime-library/target/classes
[WARNING] /tdp/tez/tez-runtime-library/src/main/java/org/apache/tez/runtime/library/utils/FastByteComparisons.java:[26,16] sun.misc.Unsafe is internal proprietary API and may be removed in a future release
[WARNING] /tdp/tez/tez-runtime-library/src/main/java/org/apache/tez/runtime/library/utils/FastByteComparisons.java:[120,20] sun.misc.Unsafe is internal proprietary API and may be removed in a future release
[WARNING] /tdp/tez/tez-runtime-library/src/main/java/org/apache/tez/runtime/library/utils/FastByteComparisons.java:[126,22] sun.misc.Unsafe is internal proprietary API and may be removed in a future release
[WARNING] /tdp/tez/tez-runtime-library/src/main/java/org/apache/tez/runtime/library/utils/FastByteComparisons.java:[131,29] sun.misc.Unsafe is internal proprietary API and may be removed in a future release
[WARNING] /tdp/tez/tez-runtime-library/src/main/java/org/apache/tez/runtime/library/common/sort/impl/dflt/DefaultSorter.java: /tdp/tez/tez-runtime-library/src/main/java/org/apache/tez/runtime/library/common/sort/impl/dflt/DefaultSorter.java uses or overrides a deprecated API.
[WARNING] /tdp/tez/tez-runtime-library/src/main/java/org/apache/tez/runtime/library/common/sort/impl/dflt/DefaultSorter.java: Recompile with -Xlint:deprecation for details.
[INFO] 
[INFO] --- maven-resources-plugin:2.6:testResources (default-testResources) @ tez-runtime-library ---
[INFO] Using 'UTF-8' encoding to copy filtered resources.
[INFO] Copying 5 resources
[INFO] 
[INFO] --- maven-compiler-plugin:3.1:testCompile (default-testCompile) @ tez-runtime-library ---
[INFO] Changes detected - recompiling the module!
[INFO] Compiling 54 source files to /tdp/tez/tez-runtime-library/target/test-classes
[INFO] 
[INFO] --- maven-surefire-plugin:2.14.1:test (default-test) @ tez-runtime-library ---
[INFO] Surefire report directory: /tdp/tez/tez-runtime-library/target/surefire-reports

-------------------------------------------------------
 T E S T S
-------------------------------------------------------

-------------------------------------------------------
 T E S T S
-------------------------------------------------------
Running org.apache.tez.dag.library.vertexmanager.TestFairShuffleVertexManager
Tests run: 5, Failures: 0, Errors: 0, Skipped: 0, Time elapsed: 3.324 sec
Running org.apache.tez.dag.library.vertexmanager.TestInputReadyVertexManager
Tests run: 4, Failures: 0, Errors: 0, Skipped: 0, Time elapsed: 0.303 sec
Running org.apache.tez.dag.library.vertexmanager.TestShuffleVertexManagerBase
Tests run: 22, Failures: 0, Errors: 0, Skipped: 0, Time elapsed: 0.832 sec
Running org.apache.tez.dag.library.vertexmanager.TestShuffleVertexManager
Tests run: 3, Failures: 0, Errors: 0, Skipped: 0, Time elapsed: 0.562 sec
Running org.apache.tez.runtime.library.conf.TestOrderedPartitionedKVEdgeConfig
Tests run: 7, Failures: 0, Errors: 0, Skipped: 0, Time elapsed: 0.473 sec
Running org.apache.tez.runtime.library.conf.TestUnorderedKVEdgeConfig
Tests run: 5, Failures: 0, Errors: 0, Skipped: 0, Time elapsed: 0.433 sec
Running org.apache.tez.runtime.library.conf.TestUnorderedPartitionedKVOutputConfig
Tests run: 4, Failures: 0, Errors: 0, Skipped: 0, Time elapsed: 0.345 sec
Running org.apache.tez.runtime.library.conf.TestUnorderedPartitionedKVEdgeConfig
Tests run: 5, Failures: 0, Errors: 0, Skipped: 0, Time elapsed: 0.431 sec
Running org.apache.tez.runtime.library.conf.TestUnorderedKVOutputConfig
Tests run: 3, Failures: 0, Errors: 0, Skipped: 0, Time elapsed: 0.315 sec
Running org.apache.tez.runtime.library.conf.TestOrderedGroupedMergedKVInputConfig
Tests run: 4, Failures: 0, Errors: 0, Skipped: 0, Time elapsed: 0.325 sec
Running org.apache.tez.runtime.library.conf.TestUnorderedKVInputConfig
Tests run: 4, Failures: 0, Errors: 0, Skipped: 0, Time elapsed: 0.297 sec
Running org.apache.tez.runtime.library.conf.TestOrderedPartitionedKVOutputConfig
Tests run: 5, Failures: 0, Errors: 0, Skipped: 0, Time elapsed: 0.317 sec
Running org.apache.tez.runtime.library.api.TestTezRuntimeConfiguration
Tests run: 1, Failures: 0, Errors: 0, Skipped: 0, Time elapsed: 0.213 sec
Running org.apache.tez.runtime.library.common.sort.impl.dflt.TestDefaultSorter
Tests run: 13, Failures: 0, Errors: 0, Skipped: 2, Time elapsed: 2.179 sec
Running org.apache.tez.runtime.library.common.sort.impl.TestIFile
Tests run: 15, Failures: 0, Errors: 0, Skipped: 0, Time elapsed: 1.088 sec
Running org.apache.tez.runtime.library.common.sort.impl.TestPipelinedSorter
Tests run: 29, Failures: 0, Errors: 0, Skipped: 0, Time elapsed: 44.596 sec
Running org.apache.tez.runtime.library.common.sort.impl.TestTezMerger
Tests run: 11, Failures: 0, Errors: 0, Skipped: 0, Time elapsed: 4.497 sec
Running org.apache.tez.runtime.library.common.writers.TestUnorderedPartitionedKVWriter
Tests run: 340, Failures: 0, Errors: 0, Skipped: 0, Time elapsed: 13.38 sec
Running org.apache.tez.runtime.library.common.TestValuesIterator
Tests run: 45, Failures: 0, Errors: 0, Skipped: 0, Time elapsed: 1.837 sec
Running org.apache.tez.runtime.library.common.shuffle.TestFetcher
Tests run: 3, Failures: 0, Errors: 0, Skipped: 0, Time elapsed: 0.766 sec
Running org.apache.tez.runtime.library.common.shuffle.orderedgrouped.TestShuffleInputEventHandlerOrderedGrouped
Tests run: 8, Failures: 0, Errors: 0, Skipped: 0, Time elapsed: 0.686 sec
Running org.apache.tez.runtime.library.common.shuffle.orderedgrouped.TestFetcher
Tests run: 8, Failures: 0, Errors: 0, Skipped: 0, Time elapsed: 4.662 sec
Running org.apache.tez.runtime.library.common.shuffle.orderedgrouped.TestShuffleScheduler
Tests run: 14, Failures: 0, Errors: 0, Skipped: 0, Time elapsed: 10.212 sec
Running org.apache.tez.runtime.library.common.shuffle.orderedgrouped.TestMergeManager
Tests run: 6, Failures: 0, Errors: 0, Skipped: 0, Time elapsed: 6.308 sec
Running org.apache.tez.runtime.library.common.shuffle.orderedgrouped.TestShuffle
Tests run: 2, Failures: 0, Errors: 0, Skipped: 0, Time elapsed: 1.008 sec
Running org.apache.tez.runtime.library.common.shuffle.impl.TestShuffleManager
Tests run: 3, Failures: 0, Errors: 0, Skipped: 0, Time elapsed: 6.471 sec
Running org.apache.tez.runtime.library.common.shuffle.impl.TestSimpleFetchedInputAllocator
Tests run: 1, Failures: 0, Errors: 0, Skipped: 0, Time elapsed: 0.678 sec
Running org.apache.tez.runtime.library.common.shuffle.impl.TestShuffleInputEventHandlerImpl
Tests run: 7, Failures: 0, Errors: 0, Skipped: 0, Time elapsed: 0.897 sec
Running org.apache.tez.runtime.library.common.shuffle.TestShuffleUtils
Tests run: 6, Failures: 0, Errors: 0, Skipped: 0, Time elapsed: 0.876 sec
Running org.apache.tez.runtime.library.common.TestInputIdentifiers
Tests run: 1, Failures: 0, Errors: 0, Skipped: 0, Time elapsed: 0.045 sec
Running org.apache.tez.runtime.library.common.comparator.TestProxyComparator
Tests run: 1, Failures: 0, Errors: 0, Skipped: 0, Time elapsed: 0.136 sec
Running org.apache.tez.runtime.library.common.readers.TestUnorderedKVReader
Tests run: 2, Failures: 0, Errors: 0, Skipped: 0, Time elapsed: 0.801 sec
Running org.apache.tez.runtime.library.cartesianproduct.TestCartesianProductEdgeManagerPartitioned
Tests run: 3, Failures: 0, Errors: 0, Skipped: 0, Time elapsed: 0.186 sec
Running org.apache.tez.runtime.library.cartesianproduct.TestCartesianProductEdgeManager
Tests run: 1, Failures: 0, Errors: 0, Skipped: 0, Time elapsed: 0.197 sec
Running org.apache.tez.runtime.library.cartesianproduct.TestFairCartesianProductVertexManager
Tests run: 14, Failures: 0, Errors: 0, Skipped: 0, Time elapsed: 0.462 sec
Running org.apache.tez.runtime.library.cartesianproduct.TestCartesianProductVertexManager
Tests run: 5, Failures: 0, Errors: 0, Skipped: 0, Time elapsed: 0.444 sec
Running org.apache.tez.runtime.library.cartesianproduct.TestFairCartesianProductEdgeManager
Tests run: 5, Failures: 0, Errors: 0, Skipped: 0, Time elapsed: 0.19 sec
Running org.apache.tez.runtime.library.cartesianproduct.TestGrouper
Tests run: 4, Failures: 0, Errors: 0, Skipped: 0, Time elapsed: 0.048 sec
Running org.apache.tez.runtime.library.cartesianproduct.TestCartesianProductCombination
Tests run: 4, Failures: 0, Errors: 0, Skipped: 0, Time elapsed: 0.051 sec
Running org.apache.tez.runtime.library.cartesianproduct.TestCartesianProductVertexManagerPartitioned
Tests run: 4, Failures: 0, Errors: 0, Skipped: 0, Time elapsed: 0.405 sec
Running org.apache.tez.runtime.library.cartesianproduct.TestCartesianProductConfig
Tests run: 3, Failures: 0, Errors: 0, Skipped: 0, Time elapsed: 0.323 sec
Running org.apache.tez.runtime.library.output.TestUnorderedKVOutput2
Tests run: 2, Failures: 0, Errors: 0, Skipped: 0, Time elapsed: 0.826 sec
Running org.apache.tez.runtime.library.output.TestOnFileUnorderedKVOutput
Tests run: 2, Failures: 0, Errors: 0, Skipped: 0, Time elapsed: 1.043 sec
Running org.apache.tez.runtime.library.output.TestOrderedPartitionedKVOutput2
Tests run: 2, Failures: 0, Errors: 0, Skipped: 0, Time elapsed: 0.857 sec
Running org.apache.tez.runtime.library.output.TestUnorderedPartitionedKVOutput2
Tests run: 1, Failures: 0, Errors: 0, Skipped: 0, Time elapsed: 0.44 sec
Running org.apache.tez.runtime.library.output.TestOnFileSortedOutput
Tests run: 90, Failures: 0, Errors: 0, Skipped: 0, Time elapsed: 1.936 sec
Running org.apache.tez.runtime.library.input.TestSortedGroupedMergedInput
Tests run: 9, Failures: 0, Errors: 0, Skipped: 0, Time elapsed: 0.231 sec
Running org.apache.tez.runtime.library.input.TestOrderedGroupedKVInput
Tests run: 1, Failures: 0, Errors: 0, Skipped: 0, Time elapsed: 0.463 sec
Running org.apache.tez.runtime.common.resources.TestWeightedScalingMemoryDistributor
Tests run: 10, Failures: 0, Errors: 0, Skipped: 0, Time elapsed: 0.542 sec
Running org.apache.tez.http.TestHttpConnection
Tests run: 2, Failures: 0, Errors: 0, Skipped: 0, Time elapsed: 11.517 sec

Results :

Tests run: 749, Failures: 0, Errors: 0, Skipped: 2

[INFO] 
[INFO] --------------------< org.apache.tez:tez-mapreduce >--------------------
[INFO] Building tez-mapreduce 0.9.1-TDP-0.1.0-SNAPSHOT                   [7/26]
[INFO] --------------------------------[ jar ]---------------------------------
[INFO] 
[INFO] --- maven-clean-plugin:3.0.0:clean (default-clean) @ tez-mapreduce ---
[INFO] Deleting /tdp/tez/tez-mapreduce/target
[INFO] 
[INFO] --- buildnumber-maven-plugin:1.1:create (default) @ tez-mapreduce ---
[INFO] Checking for local modifications: skipped.
[INFO] Updating project files from SCM: skipped.
[INFO] Executing: /bin/sh -c cd /tdp/tez/tez-mapreduce && git rev-parse --verify HEAD
[INFO] Working directory: /tdp/tez/tez-mapreduce
[INFO] Storing buildNumber: 7d9e5afb310a2560728063df81bfa6f6feba0791 at timestamp: 1692200250908
[INFO] Executing: /bin/sh -c cd /tdp/tez/tez-mapreduce && git rev-parse --verify HEAD
[INFO] Working directory: /tdp/tez/tez-mapreduce
[INFO] Storing buildScmBranch: UNKNOWN
[INFO] 
[INFO] --- build-helper-maven-plugin:1.8:maven-version (maven-version) @ tez-mapreduce ---
[INFO] 
[INFO] --- hadoop-maven-plugins:3.1.1-TDP-0.1.0-SNAPSHOT:protoc (compile-protoc) @ tez-mapreduce ---
[INFO] Wrote protoc checksums to file /tdp/tez/tez-mapreduce/target/hadoop-maven-plugins-protoc-checksums.json
[INFO] 
[INFO] --- maven-resources-plugin:2.6:resources (default-resources) @ tez-mapreduce ---
[INFO] Using 'UTF-8' encoding to copy filtered resources.
[INFO] Copying 3 resources
[INFO] 
[INFO] --- maven-compiler-plugin:3.1:compile (default-compile) @ tez-mapreduce ---
[INFO] Changes detected - recompiling the module!
[INFO] Compiling 81 source files to /tdp/tez/tez-mapreduce/target/classes
[WARNING] /tdp/tez/tez-mapreduce/src/main/java/org/apache/tez/mapreduce/processor/MRTask.java: Some input files use or override a deprecated API.
[WARNING] /tdp/tez/tez-mapreduce/src/main/java/org/apache/tez/mapreduce/processor/MRTask.java: Recompile with -Xlint:deprecation for details.
[WARNING] /tdp/tez/tez-mapreduce/src/main/java/org/apache/tez/mapreduce/hadoop/mapred/MRCounters.java: /tdp/tez/tez-mapreduce/src/main/java/org/apache/tez/mapreduce/hadoop/mapred/MRCounters.java uses unchecked or unsafe operations.
[WARNING] /tdp/tez/tez-mapreduce/src/main/java/org/apache/tez/mapreduce/hadoop/mapred/MRCounters.java: Recompile with -Xlint:unchecked for details.
[INFO] 
[INFO] --- maven-resources-plugin:2.6:testResources (default-testResources) @ tez-mapreduce ---
[INFO] Using 'UTF-8' encoding to copy filtered resources.
[INFO] Copying 3 resources
[INFO] 
[INFO] --- maven-compiler-plugin:3.1:testCompile (default-testCompile) @ tez-mapreduce ---
[INFO] Changes detected - recompiling the module!
[INFO] Compiling 20 source files to /tdp/tez/tez-mapreduce/target/test-classes
[WARNING] /tdp/tez/tez-mapreduce/src/test/java/org/apache/tez/mapreduce/hadoop/TestMRHelpers.java: /tdp/tez/tez-mapreduce/src/test/java/org/apache/tez/mapreduce/hadoop/TestMRHelpers.java uses or overrides a deprecated API.
[WARNING] /tdp/tez/tez-mapreduce/src/test/java/org/apache/tez/mapreduce/hadoop/TestMRHelpers.java: Recompile with -Xlint:deprecation for details.
[INFO] 
[INFO] --- maven-surefire-plugin:2.14.1:test (default-test) @ tez-mapreduce ---
[INFO] Surefire report directory: /tdp/tez/tez-mapreduce/target/surefire-reports

-------------------------------------------------------
 T E S T S
-------------------------------------------------------

-------------------------------------------------------
 T E S T S
-------------------------------------------------------
Running org.apache.tez.mapreduce.processor.reduce.TestReduceProcessor
Tests run: 1, Failures: 0, Errors: 0, Skipped: 0, Time elapsed: 1.302 sec
Running org.apache.tez.mapreduce.processor.map.TestMapProcessor
Tests run: 2, Failures: 0, Errors: 0, Skipped: 0, Time elapsed: 6.071 sec
Running org.apache.tez.mapreduce.common.TestMRInputAMSplitGenerator
Tests run: 4, Failures: 0, Errors: 0, Skipped: 0, Time elapsed: 1.399 sec
Running org.apache.tez.mapreduce.common.TestMRInputSplitDistributor
Tests run: 2, Failures: 0, Errors: 0, Skipped: 0, Time elapsed: 0.334 sec
Running org.apache.tez.mapreduce.combine.TestMRCombiner
Tests run: 4, Failures: 0, Errors: 0, Skipped: 0, Time elapsed: 0.702 sec
Running org.apache.tez.mapreduce.lib.TestKVReadersWithMR
Tests run: 1, Failures: 0, Errors: 0, Skipped: 0, Time elapsed: 0.548 sec
Running org.apache.tez.mapreduce.output.TestMROutputLegacy
Tests run: 4, Failures: 0, Errors: 0, Skipped: 0, Time elapsed: 0.943 sec
Running org.apache.tez.mapreduce.output.TestMROutput
Tests run: 7, Failures: 0, Errors: 0, Skipped: 1, Time elapsed: 0.982 sec
Running org.apache.tez.mapreduce.output.TestMROutputConfigBuilder
Tests run: 4, Failures: 0, Errors: 0, Skipped: 0, Time elapsed: 0.709 sec
Running org.apache.tez.mapreduce.output.TestMultiMROutput
Tests run: 9, Failures: 0, Errors: 0, Skipped: 0, Time elapsed: 1.13 sec
Running org.apache.tez.mapreduce.input.TestMultiMRInput
Tests run: 5, Failures: 0, Errors: 0, Skipped: 0, Time elapsed: 1.029 sec
Running org.apache.tez.mapreduce.input.TestMRInput
Tests run: 2, Failures: 0, Errors: 0, Skipped: 0, Time elapsed: 0.821 sec
Running org.apache.tez.mapreduce.hadoop.TestConfigTranslationMRToTez
Tests run: 2, Failures: 0, Errors: 0, Skipped: 0, Time elapsed: 0.326 sec
Running org.apache.tez.mapreduce.hadoop.TestDeprecatedKeys
Tests run: 2, Failures: 0, Errors: 0, Skipped: 0, Time elapsed: 0.294 sec
Running org.apache.tez.mapreduce.hadoop.TestMRInputHelpers
Tests run: 4, Failures: 0, Errors: 0, Skipped: 0, Time elapsed: 3.778 sec
Running org.apache.tez.mapreduce.hadoop.TestMRHelpers
Tests run: 8, Failures: 0, Errors: 0, Skipped: 0, Time elapsed: 0.396 sec
Running org.apache.hadoop.mapred.split.TestGroupedSplits
Tests run: 13, Failures: 0, Errors: 0, Skipped: 0, Time elapsed: 1.13 sec

Results :

Tests run: 74, Failures: 0, Errors: 0, Skipped: 1

[INFO] 
[INFO] --------------------< org.apache.tez:tez-examples >---------------------
[INFO] Building tez-examples 0.9.1-TDP-0.1.0-SNAPSHOT                    [8/26]
[INFO] --------------------------------[ jar ]---------------------------------
[INFO] 
[INFO] --- maven-clean-plugin:3.0.0:clean (default-clean) @ tez-examples ---
[INFO] Deleting /tdp/tez/tez-examples/target
[INFO] 
[INFO] --- buildnumber-maven-plugin:1.1:create (default) @ tez-examples ---
[INFO] Checking for local modifications: skipped.
[INFO] Updating project files from SCM: skipped.
[INFO] Executing: /bin/sh -c cd /tdp/tez/tez-examples && git rev-parse --verify HEAD
[INFO] Working directory: /tdp/tez/tez-examples
[INFO] Storing buildNumber: 7d9e5afb310a2560728063df81bfa6f6feba0791 at timestamp: 1692200278132
[INFO] Executing: /bin/sh -c cd /tdp/tez/tez-examples && git rev-parse --verify HEAD
[INFO] Working directory: /tdp/tez/tez-examples
[INFO] Storing buildScmBranch: UNKNOWN
[INFO] 
[INFO] --- build-helper-maven-plugin:1.8:maven-version (maven-version) @ tez-examples ---
[INFO] 
[INFO] --- maven-resources-plugin:2.6:resources (default-resources) @ tez-examples ---
[INFO] Using 'UTF-8' encoding to copy filtered resources.
[INFO] Copying 2 resources
[INFO] 
[INFO] --- maven-compiler-plugin:3.1:compile (default-compile) @ tez-examples ---
[INFO] Changes detected - recompiling the module!
[INFO] Compiling 10 source files to /tdp/tez/tez-examples/target/classes
[INFO] 
[INFO] --- maven-resources-plugin:2.6:testResources (default-testResources) @ tez-examples ---
[INFO] Using 'UTF-8' encoding to copy filtered resources.
[INFO] Copying 2 resources
[INFO] 
[INFO] --- maven-compiler-plugin:3.1:testCompile (default-testCompile) @ tez-examples ---
[INFO] No sources to compile
[INFO] 
[INFO] --- maven-surefire-plugin:2.14.1:test (default-test) @ tez-examples ---
[INFO] 
[INFO] -----------------------< org.apache.tez:tez-dag >-----------------------
[INFO] Building tez-dag 0.9.1-TDP-0.1.0-SNAPSHOT                         [9/26]
[INFO] --------------------------------[ jar ]---------------------------------
[INFO] 
[INFO] --- maven-clean-plugin:3.0.0:clean (default-clean) @ tez-dag ---
[INFO] Deleting /tdp/tez/tez-dag/target
[INFO] 
[INFO] --- buildnumber-maven-plugin:1.1:create (default) @ tez-dag ---
[INFO] Checking for local modifications: skipped.
[INFO] Updating project files from SCM: skipped.
[INFO] Executing: /bin/sh -c cd /tdp/tez/tez-dag && git rev-parse --verify HEAD
[INFO] Working directory: /tdp/tez/tez-dag
[INFO] Storing buildNumber: 7d9e5afb310a2560728063df81bfa6f6feba0791 at timestamp: 1692200278373
[INFO] Executing: /bin/sh -c cd /tdp/tez/tez-dag && git rev-parse --verify HEAD
[INFO] Working directory: /tdp/tez/tez-dag
[INFO] Storing buildScmBranch: UNKNOWN
[INFO] 
[INFO] --- build-helper-maven-plugin:1.8:maven-version (maven-version) @ tez-dag ---
[INFO] 
[INFO] --- hadoop-maven-plugins:3.1.1-TDP-0.1.0-SNAPSHOT:protoc (compile-protoc) @ tez-dag ---
[INFO] Wrote protoc checksums to file /tdp/tez/tez-dag/target/hadoop-maven-plugins-protoc-checksums.json
[INFO] 
[INFO] --- maven-resources-plugin:2.6:resources (default-resources) @ tez-dag ---
[INFO] Using 'UTF-8' encoding to copy filtered resources.
[INFO] Copying 3 resources
[INFO] Copying 1 resource
[INFO] 
[INFO] --- maven-compiler-plugin:3.1:compile (default-compile) @ tez-dag ---
[INFO] Changes detected - recompiling the module!
[INFO] Compiling 260 source files to /tdp/tez/tez-dag/target/classes
[WARNING] /tdp/tez/tez-dag/src/main/java/org/apache/tez/dag/app/dag/impl/DAGImpl.java: Some input files use or override a deprecated API.
[WARNING] /tdp/tez/tez-dag/src/main/java/org/apache/tez/dag/app/dag/impl/DAGImpl.java: Recompile with -Xlint:deprecation for details.
[WARNING] /tdp/tez/tez-dag/src/main/java/org/apache/tez/dag/app/rm/container/AMContainerImpl.java: /tdp/tez/tez-dag/src/main/java/org/apache/tez/dag/app/rm/container/AMContainerImpl.java uses unchecked or unsafe operations.
[WARNING] /tdp/tez/tez-dag/src/main/java/org/apache/tez/dag/app/rm/container/AMContainerImpl.java: Recompile with -Xlint:unchecked for details.
[INFO] 
[INFO] --- maven-resources-plugin:2.6:testResources (default-testResources) @ tez-dag ---
[INFO] Using 'UTF-8' encoding to copy filtered resources.
[INFO] Copying 3 resources
[INFO] 
[INFO] --- maven-compiler-plugin:3.1:testCompile (default-testCompile) @ tez-dag ---
[INFO] Changes detected - recompiling the module!
[INFO] Compiling 67 source files to /tdp/tez/tez-dag/target/test-classes
[WARNING] /tdp/tez/tez-dag/src/test/java/org/apache/tez/dag/app/TestDAGAppMaster.java: Some input files use or override a deprecated API.
[WARNING] /tdp/tez/tez-dag/src/test/java/org/apache/tez/dag/app/TestDAGAppMaster.java: Recompile with -Xlint:deprecation for details.
[WARNING] /tdp/tez/tez-dag/src/test/java/org/apache/tez/dag/app/dag/impl/TestRootInputVertexManager.java: /tdp/tez/tez-dag/src/test/java/org/apache/tez/dag/app/dag/impl/TestRootInputVertexManager.java uses unchecked or unsafe operations.
[WARNING] /tdp/tez/tez-dag/src/test/java/org/apache/tez/dag/app/dag/impl/TestRootInputVertexManager.java: Recompile with -Xlint:unchecked for details.
[INFO] 
[INFO] --- maven-surefire-plugin:2.14.1:test (default-test) @ tez-dag ---
[INFO] Surefire report directory: /tdp/tez/tez-dag/target/surefire-reports

-------------------------------------------------------
 T E S T S
-------------------------------------------------------

-------------------------------------------------------
 T E S T S
-------------------------------------------------------
Running org.apache.tez.dag.api.client.TestDAGClientHandler
Tests run: 1, Failures: 0, Errors: 0, Skipped: 0, Time elapsed: 0.599 sec
Running org.apache.tez.dag.api.client.rpc.TestDAGClientAMProtocolBlockingPBServerImpl
Tests run: 1, Failures: 0, Errors: 0, Skipped: 0, Time elapsed: 9.56 sec
Running org.apache.tez.dag.api.client.TestDAGClientServer
Tests run: 1, Failures: 0, Errors: 0, Skipped: 0, Time elapsed: 0.661 sec
Running org.apache.tez.dag.api.client.TestVertexStatusBuilder
Tests run: 1, Failures: 0, Errors: 0, Skipped: 0, Time elapsed: 0.063 sec
Running org.apache.tez.dag.history.TestHistoryEventHandler
Tests run: 4, Failures: 0, Errors: 0, Skipped: 0, Time elapsed: 0.556 sec
Running org.apache.tez.dag.history.logging.impl.TestHistoryEventJsonConversion
Tests run: 2, Failures: 0, Errors: 0, Skipped: 0, Time elapsed: 0.307 sec
Running org.apache.tez.dag.history.TestHistoryEventType
Tests run: 1, Failures: 0, Errors: 0, Skipped: 0, Time elapsed: 0.046 sec
Running org.apache.tez.dag.history.events.TestHistoryEventsProtoConversion
Tests run: 1, Failures: 0, Errors: 0, Skipped: 0, Time elapsed: 0.472 sec
Running org.apache.tez.dag.history.recovery.TestRecoveryService
Tests run: 9, Failures: 0, Errors: 0, Skipped: 0, Time elapsed: 41.088 sec
Running org.apache.tez.dag.history.utils.TestDAGUtils
Tests run: 1, Failures: 0, Errors: 0, Skipped: 0, Time elapsed: 0.465 sec
Running org.apache.tez.dag.app.rm.container.TestAMContainerMap
Tests run: 1, Failures: 0, Errors: 0, Skipped: 0, Time elapsed: 0.628 sec
Running org.apache.tez.dag.app.rm.container.TestAMContainer
Tests run: 27, Failures: 0, Errors: 0, Skipped: 0, Time elapsed: 0.678 sec
Running org.apache.tez.dag.app.rm.TestTaskSchedulerWrapper
Tests run: 1, Failures: 0, Errors: 0, Skipped: 0, Time elapsed: 0.415 sec
Running org.apache.tez.dag.app.rm.TestTaskSchedulerManager
Tests run: 14, Failures: 0, Errors: 0, Skipped: 0, Time elapsed: 0.8 sec
Running org.apache.tez.dag.app.rm.TestLocalTaskScheduler
Tests run: 1, Failures: 0, Errors: 0, Skipped: 0, Time elapsed: 0.443 sec
Running org.apache.tez.dag.app.rm.node.TestAMNodeTracker
Tests run: 13, Failures: 0, Errors: 0, Skipped: 0, Time elapsed: 0.563 sec
Running org.apache.tez.dag.app.rm.TestContainerReuse
Tests run: 11, Failures: 0, Errors: 0, Skipped: 0, Time elapsed: 6.424 sec
Running org.apache.tez.dag.app.rm.TestTaskScheduler
Running org.apache.tez.dag.app.rm.TestTezAMRMClient
Tests run: 1, Failures: 0, Errors: 0, Skipped: 0, Time elapsed: 0.489 sec
Running org.apache.tez.dag.app.rm.TestLocalTaskSchedulerService
Tests run: 5, Failures: 0, Errors: 0, Skipped: 0, Time elapsed: 0.855 sec
Running org.apache.tez.dag.app.TestDAGAppMaster
Tests run: 7, Failures: 0, Errors: 0, Skipped: 0, Time elapsed: 1.67 sec
Running org.apache.tez.dag.app.dag.speculation.legacy.TestDataStatistics
Tests run: 4, Failures: 0, Errors: 0, Skipped: 0, Time elapsed: 0.049 sec
Running org.apache.tez.dag.app.dag.TestStateChangeNotifier
Tests run: 5, Failures: 0, Errors: 0, Skipped: 0, Time elapsed: 0.424 sec
Running org.apache.tez.dag.app.dag.impl.TestCommit
Tests run: 31, Failures: 0, Errors: 0, Skipped: 0, Time elapsed: 5.546 sec
Running org.apache.tez.dag.app.dag.impl.TestTaskAttempt
Tests run: 22, Failures: 0, Errors: 0, Skipped: 0, Time elapsed: 1.102 sec
Running org.apache.tez.dag.app.dag.impl.TestDAGRecovery
Tests run: 21, Failures: 0, Errors: 0, Skipped: 0, Time elapsed: 2.581 sec
Running org.apache.tez.dag.app.dag.impl.TestVertexManager
Tests run: 5, Failures: 0, Errors: 0, Skipped: 0, Time elapsed: 0.613 sec
Running org.apache.tez.dag.app.dag.impl.TestVertexImpl2
Tests run: 8, Failures: 0, Errors: 0, Skipped: 0, Time elapsed: 0.668 sec
Running org.apache.tez.dag.app.dag.impl.TestEdge
Tests run: 9, Failures: 0, Errors: 0, Skipped: 0, Time elapsed: 0.507 sec
Running org.apache.tez.dag.app.dag.impl.TestVertexImpl
Tests run: 100, Failures: 0, Errors: 0, Skipped: 1, Time elapsed: 3.876 sec
Running org.apache.tez.dag.app.dag.impl.TestTaskImpl
Tests run: 32, Failures: 0, Errors: 0, Skipped: 0, Time elapsed: 0.96 sec
Running org.apache.tez.dag.app.dag.impl.TestDAGImpl
Tests run: 40, Failures: 0, Errors: 0, Skipped: 1, Time elapsed: 12.037 sec
Running org.apache.tez.dag.app.dag.impl.TestDAGSchedulerNaturalOrderControlled
Tests run: 4, Failures: 0, Errors: 0, Skipped: 0, Time elapsed: 0.532 sec
Running org.apache.tez.dag.app.dag.impl.TestRootInputVertexManager
Tests run: 4, Failures: 0, Errors: 0, Skipped: 0, Time elapsed: 0.561 sec
Running org.apache.tez.dag.app.dag.impl.TestDAGScheduler
Tests run: 3, Failures: 0, Errors: 0, Skipped: 0, Time elapsed: 0.393 sec
Running org.apache.tez.dag.app.dag.impl.TestImmediateStartVertexManager
Tests run: 1, Failures: 0, Errors: 0, Skipped: 0, Time elapsed: 0.273 sec
Running org.apache.tez.dag.app.dag.impl.TestVertexStats
Tests run: 1, Failures: 0, Errors: 0, Skipped: 0, Time elapsed: 0.233 sec
Running org.apache.tez.dag.app.dag.TestRootInputInitializerManager
Tests run: 3, Failures: 0, Errors: 0, Skipped: 0, Time elapsed: 0.526 sec
Running org.apache.tez.dag.app.dag.app.TestTezTaskCommunicatorManager
Tests run: 1, Failures: 0, Errors: 0, Skipped: 0, Time elapsed: 0.371 sec
Running org.apache.tez.dag.app.TestMemoryWithEvents
Tests run: 4, Failures: 0, Errors: 0, Skipped: 4, Time elapsed: 0.058 sec
Running org.apache.tez.dag.app.TestTaskCommunicatorManager
Tests run: 6, Failures: 0, Errors: 0, Skipped: 0, Time elapsed: 0.516 sec
Running org.apache.tez.dag.app.TestTaskCommunicatorManager2
Tests run: 3, Failures: 0, Errors: 0, Skipped: 0, Time elapsed: 0.577 sec
Running org.apache.tez.dag.app.TestRecoveryParser
Tests run: 15, Failures: 0, Errors: 0, Skipped: 0, Time elapsed: 3.371 sec
Running org.apache.tez.dag.app.TestSpeculation
Tests run: 5, Failures: 0, Errors: 0, Skipped: 0, Time elapsed: 3.931 sec
Running org.apache.tez.dag.app.TestTaskCommunicatorManager1
Tests run: 8, Failures: 0, Errors: 0, Skipped: 0, Time elapsed: 0.798 sec
Running org.apache.tez.dag.app.TestMockDAGAppMaster
Tests run: 17, Failures: 0, Errors: 0, Skipped: 3, Time elapsed: 5.046 sec
Running org.apache.tez.dag.app.web.TestAMWebController
Tests run: 16, Failures: 0, Errors: 0, Skipped: 0, Time elapsed: 0.801 sec
Running org.apache.tez.dag.app.TestTaskCommunicatorContextImpl
Tests run: 1, Failures: 0, Errors: 0, Skipped: 0, Time elapsed: 0.42 sec
Running org.apache.tez.dag.app.TestTaskCommunicatorWrapper
Tests run: 1, Failures: 0, Errors: 0, Skipped: 0, Time elapsed: 0.278 sec
Running org.apache.tez.dag.app.TestPreemption
Tests run: 2, Failures: 0, Errors: 0, Skipped: 0, Time elapsed: 2.972 sec
Running org.apache.tez.dag.app.launcher.TestTezLocalCacheManager
Tests run: 1, Failures: 0, Errors: 0, Skipped: 0, Time elapsed: 0.729 sec
Running org.apache.tez.dag.app.launcher.TestDeletionTracker
Tests run: 1, Failures: 0, Errors: 0, Skipped: 0, Time elapsed: 0.267 sec
Running org.apache.tez.dag.app.launcher.TestContainerLauncherWrapper
Tests run: 1, Failures: 0, Errors: 0, Skipped: 0, Time elapsed: 0.238 sec
Running org.apache.tez.dag.app.launcher.TestContainerLauncherManager
Tests run: 6, Failures: 0, Errors: 0, Skipped: 0, Time elapsed: 0.46 sec
Running org.apache.tez.dag.utils.TestTaskSpecificLaunchCmdOption
Tests run: 4, Failures: 0, Errors: 0, Skipped: 0, Time elapsed: 0.27 sec
Running org.apache.tez.dag.utils.TestSimple2LevelVersionComparator
Tests run: 3, Failures: 0, Errors: 0, Skipped: 0, Time elapsed: 0.107 sec

Results :

Tests run: 491, Failures: 0, Errors: 0, Skipped: 9

[INFO] 
[INFO] ----------------------< org.apache.tez:tez-tests >----------------------
[INFO] Building tez-tests 0.9.1-TDP-0.1.0-SNAPSHOT                      [10/26]
[INFO] --------------------------------[ jar ]---------------------------------
[INFO] 
[INFO] --- maven-clean-plugin:3.0.0:clean (default-clean) @ tez-tests ---
[INFO] Deleting /tdp/tez/tez-tests/target
[INFO] 
[INFO] --- buildnumber-maven-plugin:1.1:create (default) @ tez-tests ---
[INFO] Checking for local modifications: skipped.
[INFO] Updating project files from SCM: skipped.
[INFO] Executing: /bin/sh -c cd /tdp/tez/tez-tests && git rev-parse --verify HEAD
[INFO] Working directory: /tdp/tez/tez-tests
[INFO] Storing buildNumber: 7d9e5afb310a2560728063df81bfa6f6feba0791 at timestamp: 1692200418483
[INFO] Executing: /bin/sh -c cd /tdp/tez/tez-tests && git rev-parse --verify HEAD
[INFO] Working directory: /tdp/tez/tez-tests
[INFO] Storing buildScmBranch: UNKNOWN
[INFO] 
[INFO] --- build-helper-maven-plugin:1.8:maven-version (maven-version) @ tez-tests ---
[INFO] 
[INFO] --- maven-resources-plugin:2.6:resources (default-resources) @ tez-tests ---
[INFO] Using 'UTF-8' encoding to copy filtered resources.
[INFO] Copying 2 resources
[INFO] 
[INFO] --- maven-compiler-plugin:3.1:compile (default-compile) @ tez-tests ---
[INFO] Changes detected - recompiling the module!
[INFO] Compiling 20 source files to /tdp/tez/tez-tests/target/classes
[WARNING] /tdp/tez/tez-tests/src/main/java/org/apache/tez/mapreduce/examples/Sort.java: Some input files use or override a deprecated API.
[WARNING] /tdp/tez/tez-tests/src/main/java/org/apache/tez/mapreduce/examples/Sort.java: Recompile with -Xlint:deprecation for details.
[INFO] 
[INFO] --- maven-resources-plugin:2.6:testResources (default-testResources) @ tez-tests ---
[INFO] Using 'UTF-8' encoding to copy filtered resources.
[INFO] Copying 2 resources
[INFO] 
[INFO] --- maven-compiler-plugin:3.1:testCompile (default-testCompile) @ tez-tests ---
[INFO] Changes detected - recompiling the module!
[INFO] Compiling 29 source files to /tdp/tez/tez-tests/target/test-classes
[WARNING] /tdp/tez/tez-tests/src/test/java/org/apache/tez/mapreduce/TestMRRJobsDAGApi.java: Some input files use or override a deprecated API.
[WARNING] /tdp/tez/tez-tests/src/test/java/org/apache/tez/mapreduce/TestMRRJobsDAGApi.java: Recompile with -Xlint:deprecation for details.
[INFO] 
[INFO] --- maven-surefire-plugin:2.14.1:test (default-test) @ tez-tests ---
[INFO] Surefire report directory: /tdp/tez/tez-tests/target/surefire-reports

-------------------------------------------------------
 T E S T S
-------------------------------------------------------

-------------------------------------------------------
 T E S T S
-------------------------------------------------------
Running org.apache.tez.test.TestTezJobs
Tests run: 20, Failures: 0, Errors: 0, Skipped: 0, Time elapsed: 177.115 sec
Running org.apache.tez.test.TestDAGRecovery2
Tests run: 2, Failures: 0, Errors: 0, Skipped: 0, Time elapsed: 49.482 sec
Running org.apache.tez.test.TestPipelinedShuffle
Tests run: 1, Failures: 0, Errors: 0, Skipped: 0, Time elapsed: 42.301 sec
Running org.apache.tez.test.TestRecovery
Tests run: 3, Failures: 0, Errors: 0, Skipped: 0, Time elapsed: 442.459 sec
Running org.apache.tez.test.TestDAGRecovery
Tests run: 2, Failures: 0, Errors: 0, Skipped: 0, Time elapsed: 60.613 sec
Running org.apache.tez.test.TestFaultTolerance
Tests run: 26, Failures: 0, Errors: 0, Skipped: 1, Time elapsed: 167.244 sec
Running org.apache.tez.test.TestTaskErrorsUsingLocalMode
Tests run: 3, Failures: 0, Errors: 0, Skipped: 0, Time elapsed: 2.455 sec
Running org.apache.tez.test.TestAMRecovery
Tests run: 7, Failures: 0, Errors: 0, Skipped: 0, Time elapsed: 185.624 sec
Running org.apache.tez.test.TestExceptionPropagation
Tests run: 2, Failures: 0, Errors: 0, Skipped: 0, Time elapsed: 148.283 sec
Running org.apache.tez.test.TestSecureShuffle
Tests run: 4, Failures: 4, Errors: 0, Skipped: 0, Time elapsed: 316.453 sec <<< FAILURE!
testSecureShuffle[test[sslInCluster:true, resultWithTezSSL:0, resultWithoutTezSSL:1, asyncHttp:false]](org.apache.tez.test.TestSecureShuffle)  Time elapsed: 63.197 sec  <<< FAILURE!
java.lang.AssertionError: expected:<0> but was:<1>
	at org.junit.Assert.fail(Assert.java:88)
	at org.junit.Assert.failNotEquals(Assert.java:743)
	at org.junit.Assert.assertEquals(Assert.java:118)
	at org.junit.Assert.assertEquals(Assert.java:555)
	at org.junit.Assert.assertEquals(Assert.java:542)
	at org.apache.tez.test.TestSecureShuffle.baseTest(TestSecureShuffle.java:158)
	at org.apache.tez.test.TestSecureShuffle.testSecureShuffle(TestSecureShuffle.java:171)

testSecureShuffle[test[sslInCluster:true, resultWithTezSSL:0, resultWithoutTezSSL:1, asyncHttp:true]](org.apache.tez.test.TestSecureShuffle)  Time elapsed: 54.197 sec  <<< FAILURE!
java.lang.AssertionError: expected:<0> but was:<1>
	at org.junit.Assert.fail(Assert.java:88)
	at org.junit.Assert.failNotEquals(Assert.java:743)
	at org.junit.Assert.assertEquals(Assert.java:118)
	at org.junit.Assert.assertEquals(Assert.java:555)
	at org.junit.Assert.assertEquals(Assert.java:542)
	at org.apache.tez.test.TestSecureShuffle.baseTest(TestSecureShuffle.java:158)
	at org.apache.tez.test.TestSecureShuffle.testSecureShuffle(TestSecureShuffle.java:171)

testSecureShuffle[test[sslInCluster:false, resultWithTezSSL:1, resultWithoutTezSSL:0, asyncHttp:true]](org.apache.tez.test.TestSecureShuffle)  Time elapsed: 107.372 sec  <<< FAILURE!
java.lang.AssertionError: expected:<0> but was:<1>
	at org.junit.Assert.fail(Assert.java:88)
	at org.junit.Assert.failNotEquals(Assert.java:743)
	at org.junit.Assert.assertEquals(Assert.java:118)
	at org.junit.Assert.assertEquals(Assert.java:555)
	at org.junit.Assert.assertEquals(Assert.java:542)
	at org.apache.tez.test.TestSecureShuffle.baseTest(TestSecureShuffle.java:158)
	at org.apache.tez.test.TestSecureShuffle.testSecureShuffle(TestSecureShuffle.java:176)

testSecureShuffle[test[sslInCluster:false, resultWithTezSSL:1, resultWithoutTezSSL:0, asyncHttp:false]](org.apache.tez.test.TestSecureShuffle)  Time elapsed: 88.801 sec  <<< FAILURE!
java.lang.AssertionError: expected:<0> but was:<1>
	at org.junit.Assert.fail(Assert.java:88)
	at org.junit.Assert.failNotEquals(Assert.java:743)
	at org.junit.Assert.assertEquals(Assert.java:118)
	at org.junit.Assert.assertEquals(Assert.java:555)
	at org.junit.Assert.assertEquals(Assert.java:542)
	at org.apache.tez.test.TestSecureShuffle.baseTest(TestSecureShuffle.java:158)
	at org.apache.tez.test.TestSecureShuffle.testSecureShuffle(TestSecureShuffle.java:176)

Running org.apache.tez.test.TestLocalMode
Tests run: 5, Failures: 0, Errors: 0, Skipped: 0, Time elapsed: 18.574 sec
Running org.apache.tez.mapreduce.TestMRRJobs
Tests run: 5, Failures: 0, Errors: 0, Skipped: 0, Time elapsed: 79.589 sec
Running org.apache.tez.mapreduce.TestMRRJobsDAGApi
Tests run: 14, Failures: 0, Errors: 0, Skipped: 0, Time elapsed: 131.525 sec

Results :

Failed tests: 
  TestSecureShuffle.testSecureShuffle:171->baseTest:158 expected:<0> but was:<1>
  TestSecureShuffle.testSecureShuffle:171->baseTest:158 expected:<0> but was:<1>
  TestSecureShuffle.testSecureShuffle:176->baseTest:158 expected:<0> but was:<1>
  TestSecureShuffle.testSecureShuffle:176->baseTest:158 expected:<0> but was:<1>

Tests run: 94, Failures: 4, Errors: 0, Skipped: 1

[INFO] 
[INFO] ----------------< org.apache.tez:tez-ext-service-tests >----------------
[INFO] Building tez-ext-service-tests 0.9.1-TDP-0.1.0-SNAPSHOT          [11/26]
[INFO] --------------------------------[ jar ]---------------------------------
[INFO] 
[INFO] --- maven-clean-plugin:3.0.0:clean (default-clean) @ tez-ext-service-tests ---
[INFO] Deleting /tdp/tez/tez-ext-service-tests/target
[INFO] 
[INFO] --- buildnumber-maven-plugin:1.1:create (default) @ tez-ext-service-tests ---
[INFO] Checking for local modifications: skipped.
[INFO] Updating project files from SCM: skipped.
[INFO] Executing: /bin/sh -c cd /tdp/tez/tez-ext-service-tests && git rev-parse --verify HEAD
[INFO] Working directory: /tdp/tez/tez-ext-service-tests
[INFO] Storing buildNumber: 7d9e5afb310a2560728063df81bfa6f6feba0791 at timestamp: 1692202248174
[INFO] Executing: /bin/sh -c cd /tdp/tez/tez-ext-service-tests && git rev-parse --verify HEAD
[INFO] Working directory: /tdp/tez/tez-ext-service-tests
[INFO] Storing buildScmBranch: UNKNOWN
[INFO] 
[INFO] --- build-helper-maven-plugin:1.8:maven-version (maven-version) @ tez-ext-service-tests ---
[INFO] 
[INFO] --- hadoop-maven-plugins:3.1.1-TDP-0.1.0-SNAPSHOT:protoc (compile-protoc) @ tez-ext-service-tests ---
[INFO] Wrote protoc checksums to file /tdp/tez/tez-ext-service-tests/target/hadoop-maven-plugins-protoc-checksums.json
[INFO] 
[INFO] --- maven-resources-plugin:2.6:resources (default-resources) @ tez-ext-service-tests ---
[INFO] Using 'UTF-8' encoding to copy filtered resources.
[INFO] skip non existing resourceDirectory /tdp/tez/tez-ext-service-tests/src/main/resources
[INFO] skip non existing resourceDirectory /tdp/tez/tez-ext-service-tests/src/main/resources
[INFO] 
[INFO] --- maven-compiler-plugin:3.1:compile (default-compile) @ tez-ext-service-tests ---
[INFO] Changes detected - recompiling the module!
[INFO] Compiling 1 source file to /tdp/tez/tez-ext-service-tests/target/classes
[INFO] 
[INFO] --- maven-resources-plugin:2.6:testResources (default-testResources) @ tez-ext-service-tests ---
[INFO] Using 'UTF-8' encoding to copy filtered resources.
[INFO] Copying 1 resource
[INFO] 
[INFO] --- maven-compiler-plugin:3.1:testCompile (default-testCompile) @ tez-ext-service-tests ---
[INFO] Changes detected - recompiling the module!
[INFO] Compiling 25 source files to /tdp/tez/tez-ext-service-tests/target/test-classes
[WARNING] /tdp/tez/tez-ext-service-tests/src/test/java/org/apache/tez/shufflehandler/ShuffleHandler.java: /tdp/tez/tez-ext-service-tests/src/test/java/org/apache/tez/shufflehandler/ShuffleHandler.java uses or overrides a deprecated API.
[WARNING] /tdp/tez/tez-ext-service-tests/src/test/java/org/apache/tez/shufflehandler/ShuffleHandler.java: Recompile with -Xlint:deprecation for details.
[INFO] 
[INFO] --- maven-surefire-plugin:2.14.1:test (default-test) @ tez-ext-service-tests ---
[INFO] Surefire report directory: /tdp/tez/tez-ext-service-tests/target/surefire-reports

-------------------------------------------------------
 T E S T S
-------------------------------------------------------

-------------------------------------------------------
 T E S T S
-------------------------------------------------------
Running org.apache.tez.tests.TestExtServicesWithLocalMode
Tests run: 1, Failures: 0, Errors: 1, Skipped: 0, Time elapsed: 1.093 sec <<< FAILURE!
test1(org.apache.tez.tests.TestExtServicesWithLocalMode)  Time elapsed: 0.349 sec  <<< ERROR!
java.io.IOException: org.apache.tez.dag.api.TezUncheckedException: java.lang.reflect.InvocationTargetException
	at org.apache.tez.test.service.rpc.TezTestServiceProtocolProtos$SubmitWorkRequestProto$Builder.setUser(TezTestServiceProtocolProtos.java:5549)
	at org.apache.tez.dag.app.taskcomm.TezTestServiceTaskCommunicatorImpl.<init>(TezTestServiceTaskCommunicatorImpl.java:65)
	at sun.reflect.NativeConstructorAccessorImpl.newInstance0(Native Method)
	at sun.reflect.NativeConstructorAccessorImpl.newInstance(NativeConstructorAccessorImpl.java:62)
	at sun.reflect.DelegatingConstructorAccessorImpl.newInstance(DelegatingConstructorAccessorImpl.java:45)
	at java.lang.reflect.Constructor.newInstance(Constructor.java:423)
	at org.apache.tez.dag.app.TaskCommunicatorManager.createCustomTaskCommunicator(TaskCommunicatorManager.java:213)
	at org.apache.tez.dag.app.TaskCommunicatorManager.createTaskCommunicator(TaskCommunicatorManager.java:184)
	at org.apache.tez.dag.app.TaskCommunicatorManager.<init>(TaskCommunicatorManager.java:152)
	at org.apache.tez.dag.app.DAGAppMaster.createTaskCommunicatorManager(DAGAppMaster.java:1163)
	at org.apache.tez.dag.app.DAGAppMaster.serviceInit(DAGAppMaster.java:536)
	at org.apache.hadoop.service.AbstractService.init(AbstractService.java:164)
	at org.apache.tez.dag.app.DAGAppMaster$9.run(DAGAppMaster.java:2662)
	at java.security.AccessController.doPrivileged(Native Method)
	at javax.security.auth.Subject.doAs(Subject.java:422)
	at org.apache.hadoop.security.UserGroupInformation.doAs(UserGroupInformation.java:1729)
	at org.apache.tez.dag.app.DAGAppMaster.initAndStartAppMaster(DAGAppMaster.java:2659)
	at org.apache.tez.client.LocalClient$1.run(LocalClient.java:327)
	at java.lang.Thread.run(Thread.java:750)

Running org.apache.tez.tests.TestExternalTezServices
Tests run: 2, Failures: 0, Errors: 2, Skipped: 0, Time elapsed: 3.536 sec <<< FAILURE!
org.apache.tez.tests.TestExternalTezServices  Time elapsed: 3.536 sec  <<< ERROR!
java.lang.NoClassDefFoundError: org/apache/hadoop/mapred/ShuffleHandler
	at java.net.URLClassLoader.findClass(URLClassLoader.java:387)
	at java.lang.ClassLoader.loadClass(ClassLoader.java:418)
	at sun.misc.Launcher$AppClassLoader.loadClass(Launcher.java:352)
	at java.lang.ClassLoader.loadClass(ClassLoader.java:351)
	at org.apache.tez.test.MiniTezCluster.serviceInit(MiniTezCluster.java:179)
	at org.apache.hadoop.service.AbstractService.init(AbstractService.java:164)
	at org.apache.tez.tests.ExternalTezServiceTestHelper.<init>(ExternalTezServiceTestHelper.java:73)
	at org.apache.tez.tests.TestExternalTezServices.setup(TestExternalTezServices.java:76)

org.apache.tez.tests.TestExternalTezServices  Time elapsed: 3.536 sec  <<< ERROR!
java.lang.NullPointerException: null
	at org.apache.tez.tests.TestExternalTezServices.tearDown(TestExternalTezServices.java:111)

Running org.apache.tez.tests.TestExternalTezServicesErrors
Tests run: 2, Failures: 0, Errors: 2, Skipped: 0, Time elapsed: 3.548 sec <<< FAILURE!
org.apache.tez.tests.TestExternalTezServicesErrors  Time elapsed: 3.548 sec  <<< ERROR!
java.lang.NoClassDefFoundError: org/apache/hadoop/mapred/ShuffleHandler
	at java.net.URLClassLoader.findClass(URLClassLoader.java:387)
	at java.lang.ClassLoader.loadClass(ClassLoader.java:418)
	at sun.misc.Launcher$AppClassLoader.loadClass(Launcher.java:352)
	at java.lang.ClassLoader.loadClass(ClassLoader.java:351)
	at org.apache.tez.test.MiniTezCluster.serviceInit(MiniTezCluster.java:179)
	at org.apache.hadoop.service.AbstractService.init(AbstractService.java:164)
	at org.apache.tez.tests.ExternalTezServiceTestHelper.<init>(ExternalTezServiceTestHelper.java:73)
	at org.apache.tez.tests.TestExternalTezServicesErrors.setup(TestExternalTezServicesErrors.java:125)

org.apache.tez.tests.TestExternalTezServicesErrors  Time elapsed: 3.548 sec  <<< ERROR!
java.lang.NullPointerException: null
	at org.apache.tez.tests.TestExternalTezServicesErrors.tearDown(TestExternalTezServicesErrors.java:201)


Results :

Tests in error: 
  TestExtServicesWithLocalMode.test1:140 ? IO org.apache.tez.dag.api.TezUnchecke...
  TestExternalTezServices.setup:76 ? NoClassDefFound org/apache/hadoop/mapred/Sh...
  TestExternalTezServices.tearDown:111 NullPointer
  TestExternalTezServicesErrors.setup:125 ? NoClassDefFound org/apache/hadoop/ma...
  TestExternalTezServicesErrors.tearDown:201 NullPointer

Tests run: 5, Failures: 0, Errors: 5, Skipped: 0

[INFO] 
[INFO] ---------------------< org.apache.tez:tez-plugins >---------------------
[INFO] Building tez-plugins 0.9.1-TDP-0.1.0-SNAPSHOT                    [12/26]
[INFO] --------------------------------[ pom ]---------------------------------
[INFO] 
[INFO] --- maven-clean-plugin:3.0.0:clean (default-clean) @ tez-plugins ---
[INFO] Deleting /tdp/tez/tez-plugins/target
[INFO] 
[INFO] --- buildnumber-maven-plugin:1.1:create (default) @ tez-plugins ---
[INFO] Checking for local modifications: skipped.
[INFO] Updating project files from SCM: skipped.
[INFO] Executing: /bin/sh -c cd /tdp/tez/tez-plugins && git rev-parse --verify HEAD
[INFO] Working directory: /tdp/tez/tez-plugins
[INFO] Storing buildNumber: 7d9e5afb310a2560728063df81bfa6f6feba0791 at timestamp: 1692202258297
[INFO] Executing: /bin/sh -c cd /tdp/tez/tez-plugins && git rev-parse --verify HEAD
[INFO] Working directory: /tdp/tez/tez-plugins
[INFO] Storing buildScmBranch: UNKNOWN
[INFO] 
[INFO] --- build-helper-maven-plugin:1.8:maven-version (maven-version) @ tez-plugins ---
[INFO] 
[INFO] --------------< org.apache.tez:tez-yarn-timeline-history >--------------
[INFO] Building tez-yarn-timeline-history 0.9.1-TDP-0.1.0-SNAPSHOT      [13/26]
[INFO] --------------------------------[ jar ]---------------------------------
[INFO] 
[INFO] --- maven-clean-plugin:3.0.0:clean (default-clean) @ tez-yarn-timeline-history ---
[INFO] Deleting /tdp/tez/tez-plugins/tez-yarn-timeline-history/target
[INFO] 
[INFO] --- buildnumber-maven-plugin:1.1:create (default) @ tez-yarn-timeline-history ---
[INFO] Checking for local modifications: skipped.
[INFO] Updating project files from SCM: skipped.
[INFO] Executing: /bin/sh -c cd /tdp/tez/tez-plugins/tez-yarn-timeline-history && git rev-parse --verify HEAD
[INFO] Working directory: /tdp/tez/tez-plugins/tez-yarn-timeline-history
[INFO] Storing buildNumber: 7d9e5afb310a2560728063df81bfa6f6feba0791 at timestamp: 1692202258353
[INFO] Executing: /bin/sh -c cd /tdp/tez/tez-plugins/tez-yarn-timeline-history && git rev-parse --verify HEAD
[INFO] Working directory: /tdp/tez/tez-plugins/tez-yarn-timeline-history
[INFO] Storing buildScmBranch: UNKNOWN
[INFO] 
[INFO] --- build-helper-maven-plugin:1.8:maven-version (maven-version) @ tez-yarn-timeline-history ---
[INFO] 
[INFO] --- maven-resources-plugin:2.6:resources (default-resources) @ tez-yarn-timeline-history ---
[INFO] Using 'UTF-8' encoding to copy filtered resources.
[INFO] Copying 2 resources
[INFO] 
[INFO] --- maven-compiler-plugin:3.1:compile (default-compile) @ tez-yarn-timeline-history ---
[INFO] Changes detected - recompiling the module!
[INFO] Compiling 2 source files to /tdp/tez/tez-plugins/tez-yarn-timeline-history/target/classes
[INFO] 
[INFO] --- maven-resources-plugin:2.6:testResources (default-testResources) @ tez-yarn-timeline-history ---
[INFO] Using 'UTF-8' encoding to copy filtered resources.
[INFO] Copying 3 resources
[INFO] 
[INFO] --- maven-compiler-plugin:3.1:testCompile (default-testCompile) @ tez-yarn-timeline-history ---
[INFO] Changes detected - recompiling the module!
[INFO] Compiling 4 source files to /tdp/tez/tez-plugins/tez-yarn-timeline-history/target/test-classes
[WARNING] /tdp/tez/tez-plugins/tez-yarn-timeline-history/src/test/java/org/apache/tez/tests/MiniTezClusterWithTimeline.java: Some input files use or override a deprecated API.
[WARNING] /tdp/tez/tez-plugins/tez-yarn-timeline-history/src/test/java/org/apache/tez/tests/MiniTezClusterWithTimeline.java: Recompile with -Xlint:deprecation for details.
[INFO] 
[INFO] --- maven-surefire-plugin:2.14.1:test (default-test) @ tez-yarn-timeline-history ---
[INFO] Surefire report directory: /tdp/tez/tez-plugins/tez-yarn-timeline-history/target/surefire-reports

-------------------------------------------------------
 T E S T S
-------------------------------------------------------

-------------------------------------------------------
 T E S T S
-------------------------------------------------------
Running org.apache.tez.dag.history.logging.ats.TestATSHistoryLoggingService
Tests run: 10, Failures: 0, Errors: 0, Skipped: 0, Time elapsed: 18.626 sec
Running org.apache.tez.dag.history.logging.ats.TestHistoryEventTimelineConversion
Tests run: 21, Failures: 0, Errors: 0, Skipped: 0, Time elapsed: 0.328 sec
Running org.apache.tez.dag.history.logging.ats.TestATSHistoryWithMiniCluster
Tests run: 1, Failures: 0, Errors: 0, Skipped: 0, Time elapsed: 40.753 sec

Results :

Tests run: 32, Failures: 0, Errors: 0, Skipped: 0

[INFO] 
[INFO] ---------< org.apache.tez:tez-yarn-timeline-history-with-acls >---------
[INFO] Building tez-yarn-timeline-history-with-acls 0.9.1-TDP-0.1.0-SNAPSHOT [14/26]
[INFO] --------------------------------[ jar ]---------------------------------
[INFO] 
[INFO] --- maven-clean-plugin:3.0.0:clean (default-clean) @ tez-yarn-timeline-history-with-acls ---
[INFO] Deleting /tdp/tez/tez-plugins/tez-yarn-timeline-history-with-acls/target
[INFO] 
[INFO] --- buildnumber-maven-plugin:1.1:create (default) @ tez-yarn-timeline-history-with-acls ---
[INFO] Checking for local modifications: skipped.
[INFO] Updating project files from SCM: skipped.
[INFO] Executing: /bin/sh -c cd /tdp/tez/tez-plugins/tez-yarn-timeline-history-with-acls && git rev-parse --verify HEAD
[INFO] Working directory: /tdp/tez/tez-plugins/tez-yarn-timeline-history-with-acls
[INFO] Storing buildNumber: 7d9e5afb310a2560728063df81bfa6f6feba0791 at timestamp: 1692202319613
[INFO] Executing: /bin/sh -c cd /tdp/tez/tez-plugins/tez-yarn-timeline-history-with-acls && git rev-parse --verify HEAD
[INFO] Working directory: /tdp/tez/tez-plugins/tez-yarn-timeline-history-with-acls
[INFO] Storing buildScmBranch: UNKNOWN
[INFO] 
[INFO] --- build-helper-maven-plugin:1.8:maven-version (maven-version) @ tez-yarn-timeline-history-with-acls ---
[INFO] 
[INFO] --- maven-resources-plugin:2.6:resources (default-resources) @ tez-yarn-timeline-history-with-acls ---
[INFO] Using 'UTF-8' encoding to copy filtered resources.
[INFO] skip non existing resourceDirectory /tdp/tez/tez-plugins/tez-yarn-timeline-history-with-acls/src/main/resources
[INFO] 
[INFO] --- maven-compiler-plugin:3.1:compile (default-compile) @ tez-yarn-timeline-history-with-acls ---
[INFO] Changes detected - recompiling the module!
[INFO] Compiling 1 source file to /tdp/tez/tez-plugins/tez-yarn-timeline-history-with-acls/target/classes
[INFO] 
[INFO] --- maven-resources-plugin:2.6:testResources (default-testResources) @ tez-yarn-timeline-history-with-acls ---
[INFO] Using 'UTF-8' encoding to copy filtered resources.
[INFO] skip non existing resourceDirectory /tdp/tez/tez-plugins/tez-yarn-timeline-history-with-acls/src/test/resources
[INFO] 
[INFO] --- maven-compiler-plugin:3.1:testCompile (default-testCompile) @ tez-yarn-timeline-history-with-acls ---
[INFO] Changes detected - recompiling the module!
[INFO] Compiling 1 source file to /tdp/tez/tez-plugins/tez-yarn-timeline-history-with-acls/target/test-classes
[INFO] 
[INFO] --- maven-surefire-plugin:2.14.1:test (default-test) @ tez-yarn-timeline-history-with-acls ---
[INFO] Surefire report directory: /tdp/tez/tez-plugins/tez-yarn-timeline-history-with-acls/target/surefire-reports

-------------------------------------------------------
 T E S T S
-------------------------------------------------------

-------------------------------------------------------
 T E S T S
-------------------------------------------------------
Running org.apache.tez.dag.history.ats.acls.TestATSHistoryWithACLs

Results :

Tests run: 0, Failures: 0, Errors: 0, Skipped: 0

[INFO] 
[INFO] -----------< org.apache.tez:tez-yarn-timeline-cache-plugin >------------
[INFO] Building tez-yarn-timeline-cache-plugin 0.9.1-TDP-0.1.0-SNAPSHOT [15/26]
[INFO] --------------------------------[ jar ]---------------------------------
[INFO] 
[INFO] --- maven-clean-plugin:3.0.0:clean (default-clean) @ tez-yarn-timeline-cache-plugin ---
[INFO] Deleting /tdp/tez/tez-plugins/tez-yarn-timeline-cache-plugin/target
[INFO] 
[INFO] --- buildnumber-maven-plugin:1.1:create (default) @ tez-yarn-timeline-cache-plugin ---
[INFO] Checking for local modifications: skipped.
[INFO] Updating project files from SCM: skipped.
[INFO] Executing: /bin/sh -c cd /tdp/tez/tez-plugins/tez-yarn-timeline-cache-plugin && git rev-parse --verify HEAD
[INFO] Working directory: /tdp/tez/tez-plugins/tez-yarn-timeline-cache-plugin
[INFO] Storing buildNumber: 7d9e5afb310a2560728063df81bfa6f6feba0791 at timestamp: 1692203219909
[INFO] Executing: /bin/sh -c cd /tdp/tez/tez-plugins/tez-yarn-timeline-cache-plugin && git rev-parse --verify HEAD
[INFO] Working directory: /tdp/tez/tez-plugins/tez-yarn-timeline-cache-plugin
[INFO] Storing buildScmBranch: UNKNOWN
[INFO] 
[INFO] --- build-helper-maven-plugin:1.8:maven-version (maven-version) @ tez-yarn-timeline-cache-plugin ---
[INFO] 
[INFO] --- maven-resources-plugin:2.6:resources (default-resources) @ tez-yarn-timeline-cache-plugin ---
[INFO] Using 'UTF-8' encoding to copy filtered resources.
[INFO] Copying 2 resources
[INFO] 
[INFO] --- maven-compiler-plugin:3.1:compile (default-compile) @ tez-yarn-timeline-cache-plugin ---
[INFO] Changes detected - recompiling the module!
[INFO] Compiling 1 source file to /tdp/tez/tez-plugins/tez-yarn-timeline-cache-plugin/target/classes
[INFO] 
[INFO] --- maven-resources-plugin:2.6:testResources (default-testResources) @ tez-yarn-timeline-cache-plugin ---
[INFO] Using 'UTF-8' encoding to copy filtered resources.
[INFO] skip non existing resourceDirectory /tdp/tez/tez-plugins/tez-yarn-timeline-cache-plugin/src/test/resources
[INFO] 
[INFO] --- maven-compiler-plugin:3.1:testCompile (default-testCompile) @ tez-yarn-timeline-cache-plugin ---
[INFO] Changes detected - recompiling the module!
[INFO] Compiling 1 source file to /tdp/tez/tez-plugins/tez-yarn-timeline-cache-plugin/target/test-classes
[INFO] 
[INFO] --- maven-surefire-plugin:2.14.1:test (default-test) @ tez-yarn-timeline-cache-plugin ---
[INFO] Surefire report directory: /tdp/tez/tez-plugins/tez-yarn-timeline-cache-plugin/target/surefire-reports

-------------------------------------------------------
 T E S T S
-------------------------------------------------------

-------------------------------------------------------
 T E S T S
-------------------------------------------------------
Running org.apache.tez.dag.history.logging.ats.TestTimelineCachePluginImpl
Tests run: 11, Failures: 0, Errors: 0, Skipped: 0, Time elapsed: 0.326 sec

Results :

Tests run: 11, Failures: 0, Errors: 0, Skipped: 0

[INFO] 
[INFO] ----------< org.apache.tez:tez-yarn-timeline-history-with-fs >----------
[INFO] Building tez-yarn-timeline-history-with-fs 0.9.1-TDP-0.1.0-SNAPSHOT [16/26]
[INFO] --------------------------------[ jar ]---------------------------------
[INFO] 
[INFO] --- maven-clean-plugin:3.0.0:clean (default-clean) @ tez-yarn-timeline-history-with-fs ---
[INFO] Deleting /tdp/tez/tez-plugins/tez-yarn-timeline-history-with-fs/target
[INFO] 
[INFO] --- buildnumber-maven-plugin:1.1:create (default) @ tez-yarn-timeline-history-with-fs ---
[INFO] Checking for local modifications: skipped.
[INFO] Updating project files from SCM: skipped.
[INFO] Executing: /bin/sh -c cd /tdp/tez/tez-plugins/tez-yarn-timeline-history-with-fs && git rev-parse --verify HEAD
[INFO] Working directory: /tdp/tez/tez-plugins/tez-yarn-timeline-history-with-fs
[INFO] Storing buildNumber: 7d9e5afb310a2560728063df81bfa6f6feba0791 at timestamp: 1692203220634
[INFO] Executing: /bin/sh -c cd /tdp/tez/tez-plugins/tez-yarn-timeline-history-with-fs && git rev-parse --verify HEAD
[INFO] Working directory: /tdp/tez/tez-plugins/tez-yarn-timeline-history-with-fs
[INFO] Storing buildScmBranch: UNKNOWN
[INFO] 
[INFO] --- build-helper-maven-plugin:1.8:maven-version (maven-version) @ tez-yarn-timeline-history-with-fs ---
[INFO] 
[INFO] --- maven-resources-plugin:2.6:resources (default-resources) @ tez-yarn-timeline-history-with-fs ---
[INFO] Using 'UTF-8' encoding to copy filtered resources.
[INFO] Copying 2 resources
[INFO] 
[INFO] --- maven-compiler-plugin:3.1:compile (default-compile) @ tez-yarn-timeline-history-with-fs ---
[INFO] Changes detected - recompiling the module!
[INFO] Compiling 2 source files to /tdp/tez/tez-plugins/tez-yarn-timeline-history-with-fs/target/classes
[INFO] 
[INFO] --- maven-resources-plugin:2.6:testResources (default-testResources) @ tez-yarn-timeline-history-with-fs ---
[INFO] Using 'UTF-8' encoding to copy filtered resources.
[INFO] skip non existing resourceDirectory /tdp/tez/tez-plugins/tez-yarn-timeline-history-with-fs/src/test/resources
[INFO] 
[INFO] --- maven-compiler-plugin:3.1:testCompile (default-testCompile) @ tez-yarn-timeline-history-with-fs ---
[INFO] Changes detected - recompiling the module!
[INFO] Compiling 2 source files to /tdp/tez/tez-plugins/tez-yarn-timeline-history-with-fs/target/test-classes
[INFO] 
[INFO] --- maven-surefire-plugin:2.14.1:test (default-test) @ tez-yarn-timeline-history-with-fs ---
[INFO] Surefire report directory: /tdp/tez/tez-plugins/tez-yarn-timeline-history-with-fs/target/surefire-reports

-------------------------------------------------------
 T E S T S
-------------------------------------------------------

-------------------------------------------------------
 T E S T S
-------------------------------------------------------
Running org.apache.tez.dag.history.logging.ats.TestATSV15HistoryLoggingService
Tests run: 9, Failures: 1, Errors: 0, Skipped: 0, Time elapsed: 1.388 sec <<< FAILURE!
testNonSessionDomains(org.apache.tez.dag.history.logging.ats.TestATSV15HistoryLoggingService)  Time elapsed: 0.122 sec  <<< FAILURE!
org.mockito.exceptions.verification.TooManyActualInvocations: 
historyACLPolicyManager.updateTimelineEntityDomain(
    <any>,
    "session-id"
);
Wanted 5 times:
-> at org.apache.tez.dag.history.logging.ats.TestATSV15HistoryLoggingService.testNonSessionDomains(TestATSV15HistoryLoggingService.java:231)
But was 6 times. Undesired invocation:
-> at org.apache.tez.dag.history.logging.ats.ATSV15HistoryLoggingService.logEntity(ATSV15HistoryLoggingService.java:389)

	at org.apache.tez.dag.history.logging.ats.TestATSV15HistoryLoggingService.testNonSessionDomains(TestATSV15HistoryLoggingService.java:231)

Running org.apache.tez.dag.history.ats.acls.TestATSHistoryV15

Results :

Failed tests: 
  TestATSV15HistoryLoggingService.testNonSessionDomains:231 
historyACLPolicyManager.updateTimelineEntityDomain(
    <any>,
    "session-id"
);
Wanted 5 times:
-> at org.apache.tez.dag.history.logging.ats.TestATSV15HistoryLoggingService.testNonSessionDomains(TestATSV15HistoryLoggingService.java:231)
But was 6 times. Undesired invocation:
-> at org.apache.tez.dag.history.logging.ats.ATSV15HistoryLoggingService.logEntity(ATSV15HistoryLoggingService.java:389)


Tests run: 9, Failures: 1, Errors: 0, Skipped: 0

[INFO] 
[INFO] -----------------< org.apache.tez:tez-history-parser >------------------
[INFO] Building tez-history-parser 0.9.1-TDP-0.1.0-SNAPSHOT             [17/26]
[INFO] --------------------------------[ jar ]---------------------------------
[INFO] 
[INFO] --- maven-clean-plugin:3.0.0:clean (default-clean) @ tez-history-parser ---
[INFO] Deleting /tdp/tez/tez-plugins/tez-history-parser/target
[INFO] 
[INFO] --- buildnumber-maven-plugin:1.1:create (default) @ tez-history-parser ---
[INFO] Checking for local modifications: skipped.
[INFO] Updating project files from SCM: skipped.
[INFO] Executing: /bin/sh -c cd /tdp/tez/tez-plugins/tez-history-parser && git rev-parse --verify HEAD
[INFO] Working directory: /tdp/tez/tez-plugins/tez-history-parser
[INFO] Storing buildNumber: 7d9e5afb310a2560728063df81bfa6f6feba0791 at timestamp: 1692204122692
[INFO] Executing: /bin/sh -c cd /tdp/tez/tez-plugins/tez-history-parser && git rev-parse --verify HEAD
[INFO] Working directory: /tdp/tez/tez-plugins/tez-history-parser
[INFO] Storing buildScmBranch: UNKNOWN
[INFO] 
[INFO] --- build-helper-maven-plugin:1.8:maven-version (maven-version) @ tez-history-parser ---
[INFO] 
[INFO] --- maven-resources-plugin:2.6:resources (default-resources) @ tez-history-parser ---
[INFO] Using 'UTF-8' encoding to copy filtered resources.
[INFO] skip non existing resourceDirectory /tdp/tez/tez-plugins/tez-history-parser/src/main/resources
[INFO] 
[INFO] --- maven-compiler-plugin:3.1:compile (default-compile) @ tez-history-parser ---
[INFO] Changes detected - recompiling the module!
[INFO] Compiling 17 source files to /tdp/tez/tez-plugins/tez-history-parser/target/classes
[WARNING] /tdp/tez/tez-plugins/tez-history-parser/src/main/java/org/apache/tez/history/ATSImportTool.java: /tdp/tez/tez-plugins/tez-history-parser/src/main/java/org/apache/tez/history/ATSImportTool.java uses or overrides a deprecated API.
[WARNING] /tdp/tez/tez-plugins/tez-history-parser/src/main/java/org/apache/tez/history/ATSImportTool.java: Recompile with -Xlint:deprecation for details.
[INFO] 
[INFO] --- maven-resources-plugin:2.6:testResources (default-testResources) @ tez-history-parser ---
[INFO] Using 'UTF-8' encoding to copy filtered resources.
[INFO] skip non existing resourceDirectory /tdp/tez/tez-plugins/tez-history-parser/src/test/resources
[INFO] 
[INFO] --- maven-compiler-plugin:3.1:testCompile (default-testCompile) @ tez-history-parser ---
[INFO] Changes detected - recompiling the module!
[INFO] Compiling 1 source file to /tdp/tez/tez-plugins/tez-history-parser/target/test-classes
[INFO] 
[INFO] --- maven-surefire-plugin:2.14.1:test (default-test) @ tez-history-parser ---
[INFO] Surefire report directory: /tdp/tez/tez-plugins/tez-history-parser/target/surefire-reports

-------------------------------------------------------
 T E S T S
-------------------------------------------------------

-------------------------------------------------------
 T E S T S
-------------------------------------------------------
Running org.apache.tez.history.TestHistoryParser

Results :

Tests run: 0, Failures: 0, Errors: 0, Skipped: 0

[INFO] 
[INFO] ------------------< org.apache.tez:tez-aux-services >-------------------
[INFO] Building tez-aux-services 0.9.1-TDP-0.1.0-SNAPSHOT               [18/26]
[INFO] --------------------------------[ jar ]---------------------------------
[INFO] 
[INFO] --- maven-clean-plugin:3.0.0:clean (default-clean) @ tez-aux-services ---
[INFO] Deleting /tdp/tez/tez-plugins/tez-aux-services/target
[INFO] 
[INFO] --- buildnumber-maven-plugin:1.1:create (default) @ tez-aux-services ---
[INFO] Checking for local modifications: skipped.
[INFO] Updating project files from SCM: skipped.
[INFO] Executing: /bin/sh -c cd /tdp/tez/tez-plugins/tez-aux-services && git rev-parse --verify HEAD
[INFO] Working directory: /tdp/tez/tez-plugins/tez-aux-services
[INFO] Storing buildNumber: 7d9e5afb310a2560728063df81bfa6f6feba0791 at timestamp: 1692205023187
[INFO] Executing: /bin/sh -c cd /tdp/tez/tez-plugins/tez-aux-services && git rev-parse --verify HEAD
[INFO] Working directory: /tdp/tez/tez-plugins/tez-aux-services
[INFO] Storing buildScmBranch: UNKNOWN
[INFO] 
[INFO] --- build-helper-maven-plugin:1.8:maven-version (maven-version) @ tez-aux-services ---
[INFO] 
[INFO] --- maven-resources-plugin:2.6:resources (default-resources) @ tez-aux-services ---
[INFO] Using 'UTF-8' encoding to copy filtered resources.
[INFO] skip non existing resourceDirectory /tdp/tez/tez-plugins/tez-aux-services/src/main/resources
[INFO] skip non existing resourceDirectory /tdp/tez/tez-plugins/tez-aux-services/src/main/resources
[INFO] 
[INFO] --- maven-compiler-plugin:3.1:compile (default-compile) @ tez-aux-services ---
[INFO] Changes detected - recompiling the module!
[INFO] Compiling 4 source files to /tdp/tez/tez-plugins/tez-aux-services/target/classes
[INFO] 
[INFO] --- maven-resources-plugin:2.6:testResources (default-testResources) @ tez-aux-services ---
[INFO] Using 'UTF-8' encoding to copy filtered resources.
[INFO] skip non existing resourceDirectory /tdp/tez/tez-plugins/tez-aux-services/src/test/resources
[INFO] 
[INFO] --- maven-compiler-plugin:3.1:testCompile (default-testCompile) @ tez-aux-services ---
[INFO] Changes detected - recompiling the module!
[INFO] Compiling 2 source files to /tdp/tez/tez-plugins/tez-aux-services/target/test-classes
[INFO] 
[INFO] --- maven-surefire-plugin:2.14.1:test (default-test) @ tez-aux-services ---
[INFO] Surefire report directory: /tdp/tez/tez-plugins/tez-aux-services/target/surefire-reports

-------------------------------------------------------
 T E S T S
-------------------------------------------------------

-------------------------------------------------------
 T E S T S
-------------------------------------------------------
Running org.apache.tez.auxservices.TestShuffleHandlerJobs
Tests run: 1, Failures: 0, Errors: 0, Skipped: 0, Time elapsed: 114.925 sec
Running org.apache.tez.auxservices.TestShuffleHandler
Tests run: 13, Failures: 0, Errors: 0, Skipped: 1, Time elapsed: 1.657 sec

Results :

Tests run: 14, Failures: 0, Errors: 0, Skipped: 1

[INFO] 
[INFO] ----------------------< org.apache.tez:tez-tools >----------------------
[INFO] Building tez-tools 0.9.1-TDP-0.1.0-SNAPSHOT                      [19/26]
[INFO] --------------------------------[ pom ]---------------------------------
[INFO] 
[INFO] --- maven-clean-plugin:3.0.0:clean (default-clean) @ tez-tools ---
[INFO] Deleting /tdp/tez/tez-tools/target
[INFO] 
[INFO] --- buildnumber-maven-plugin:1.1:create (default) @ tez-tools ---
[INFO] Checking for local modifications: skipped.
[INFO] Updating project files from SCM: skipped.
[INFO] Executing: /bin/sh -c cd /tdp/tez/tez-tools && git rev-parse --verify HEAD
[INFO] Working directory: /tdp/tez/tez-tools
[INFO] Storing buildNumber: 7d9e5afb310a2560728063df81bfa6f6feba0791 at timestamp: 1692205141276
[INFO] Executing: /bin/sh -c cd /tdp/tez/tez-tools && git rev-parse --verify HEAD
[INFO] Working directory: /tdp/tez/tez-tools
[INFO] Storing buildScmBranch: UNKNOWN
[INFO] 
[INFO] --- build-helper-maven-plugin:1.8:maven-version (maven-version) @ tez-tools ---
[INFO] 
[INFO] ------------------< org.apache.tez:tez-perf-analyzer >------------------
[INFO] Building tez-perf-analyzer 0.9.1-TDP-0.1.0-SNAPSHOT              [20/26]
[INFO] --------------------------------[ pom ]---------------------------------
[INFO] 
[INFO] --- maven-clean-plugin:3.0.0:clean (default-clean) @ tez-perf-analyzer ---
[INFO] Deleting /tdp/tez/tez-tools/analyzers/target
[INFO] 
[INFO] --- buildnumber-maven-plugin:1.1:create (default) @ tez-perf-analyzer ---
[INFO] Checking for local modifications: skipped.
[INFO] Updating project files from SCM: skipped.
[INFO] Executing: /bin/sh -c cd /tdp/tez/tez-tools/analyzers && git rev-parse --verify HEAD
[INFO] Working directory: /tdp/tez/tez-tools/analyzers
[INFO] Storing buildNumber: 7d9e5afb310a2560728063df81bfa6f6feba0791 at timestamp: 1692205141286
[INFO] Executing: /bin/sh -c cd /tdp/tez/tez-tools/analyzers && git rev-parse --verify HEAD
[INFO] Working directory: /tdp/tez/tez-tools/analyzers
[INFO] Storing buildScmBranch: UNKNOWN
[INFO] 
[INFO] --- build-helper-maven-plugin:1.8:maven-version (maven-version) @ tez-perf-analyzer ---
[INFO] 
[INFO] ------------------< org.apache.tez:tez-job-analyzer >-------------------
[INFO] Building tez-job-analyzer 0.9.1-TDP-0.1.0-SNAPSHOT               [21/26]
[INFO] --------------------------------[ jar ]---------------------------------
[INFO] 
[INFO] --- maven-clean-plugin:3.0.0:clean (default-clean) @ tez-job-analyzer ---
[INFO] Deleting /tdp/tez/tez-tools/analyzers/job-analyzer/target
[INFO] 
[INFO] --- buildnumber-maven-plugin:1.1:create (default) @ tez-job-analyzer ---
[INFO] Checking for local modifications: skipped.
[INFO] Updating project files from SCM: skipped.
[INFO] Executing: /bin/sh -c cd /tdp/tez/tez-tools/analyzers/job-analyzer && git rev-parse --verify HEAD
[INFO] Working directory: /tdp/tez/tez-tools/analyzers/job-analyzer
[INFO] Storing buildNumber: 7d9e5afb310a2560728063df81bfa6f6feba0791 at timestamp: 1692205141327
[INFO] Executing: /bin/sh -c cd /tdp/tez/tez-tools/analyzers/job-analyzer && git rev-parse --verify HEAD
[INFO] Working directory: /tdp/tez/tez-tools/analyzers/job-analyzer
[INFO] Storing buildScmBranch: UNKNOWN
[INFO] 
[INFO] --- build-helper-maven-plugin:1.8:maven-version (maven-version) @ tez-job-analyzer ---
[INFO] 
[INFO] --- maven-resources-plugin:2.6:resources (default-resources) @ tez-job-analyzer ---
[INFO] Using 'UTF-8' encoding to copy filtered resources.
[INFO] skip non existing resourceDirectory /tdp/tez/tez-tools/analyzers/job-analyzer/src/main/resources
[INFO] 
[INFO] --- maven-compiler-plugin:3.1:compile (default-compile) @ tez-job-analyzer ---
[INFO] Changes detected - recompiling the module!
[INFO] Compiling 20 source files to /tdp/tez/tez-tools/analyzers/job-analyzer/target/classes
[INFO] 
[INFO] --- maven-resources-plugin:2.6:testResources (default-testResources) @ tez-job-analyzer ---
[INFO] Using 'UTF-8' encoding to copy filtered resources.
[INFO] skip non existing resourceDirectory /tdp/tez/tez-tools/analyzers/job-analyzer/src/test/resources
[INFO] 
[INFO] --- maven-compiler-plugin:3.1:testCompile (default-testCompile) @ tez-job-analyzer ---
[INFO] Changes detected - recompiling the module!
[INFO] Compiling 1 source file to /tdp/tez/tez-tools/analyzers/job-analyzer/target/test-classes
[INFO] 
[INFO] --- maven-surefire-plugin:2.14.1:test (default-test) @ tez-job-analyzer ---
[INFO] Surefire report directory: /tdp/tez/tez-tools/analyzers/job-analyzer/target/surefire-reports

-------------------------------------------------------
 T E S T S
-------------------------------------------------------

-------------------------------------------------------
 T E S T S
-------------------------------------------------------
Running org.apache.tez.analyzer.TestAnalyzer

Results :

Tests run: 0, Failures: 0, Errors: 0, Skipped: 0

[INFO] 
[INFO] ------------------< org.apache.tez:tez-javadoc-tools >------------------
[INFO] Building tez-javadoc-tools 0.9.1-TDP-0.1.0-SNAPSHOT              [22/26]
[INFO] --------------------------------[ jar ]---------------------------------
[INFO] 
[INFO] --- maven-clean-plugin:3.0.0:clean (default-clean) @ tez-javadoc-tools ---
[INFO] Deleting /tdp/tez/tez-tools/tez-javadoc-tools/target
[INFO] 
[INFO] --- buildnumber-maven-plugin:1.1:create (default) @ tez-javadoc-tools ---
[INFO] Checking for local modifications: skipped.
[INFO] Updating project files from SCM: skipped.
[INFO] Executing: /bin/sh -c cd /tdp/tez/tez-tools/tez-javadoc-tools && git rev-parse --verify HEAD
[INFO] Working directory: /tdp/tez/tez-tools/tez-javadoc-tools
[INFO] Storing buildNumber: 7d9e5afb310a2560728063df81bfa6f6feba0791 at timestamp: 1692206041927
[INFO] Executing: /bin/sh -c cd /tdp/tez/tez-tools/tez-javadoc-tools && git rev-parse --verify HEAD
[INFO] Working directory: /tdp/tez/tez-tools/tez-javadoc-tools
[INFO] Storing buildScmBranch: UNKNOWN
[INFO] 
[INFO] --- build-helper-maven-plugin:1.8:maven-version (maven-version) @ tez-javadoc-tools ---
[INFO] 
[INFO] --- maven-resources-plugin:2.6:resources (default-resources) @ tez-javadoc-tools ---
[INFO] Using 'UTF-8' encoding to copy filtered resources.
[INFO] skip non existing resourceDirectory /tdp/tez/tez-tools/tez-javadoc-tools/src/main/resources
[INFO] 
[INFO] --- maven-compiler-plugin:3.1:compile (default-compile) @ tez-javadoc-tools ---
[INFO] Changes detected - recompiling the module!
[INFO] Compiling 6 source files to /tdp/tez/tez-tools/tez-javadoc-tools/target/classes
[INFO] 
[INFO] --- maven-resources-plugin:2.6:testResources (default-testResources) @ tez-javadoc-tools ---
[INFO] Using 'UTF-8' encoding to copy filtered resources.
[INFO] skip non existing resourceDirectory /tdp/tez/tez-tools/tez-javadoc-tools/src/test/resources
[INFO] 
[INFO] --- maven-compiler-plugin:3.1:testCompile (default-testCompile) @ tez-javadoc-tools ---
[INFO] No sources to compile
[INFO] 
[INFO] --- maven-surefire-plugin:2.14.1:test (default-test) @ tez-javadoc-tools ---
[INFO] No tests to run.
[INFO] 
[INFO] ------------------< org.apache.tez:hadoop-shim-impls >------------------
[INFO] Building hadoop-shim-impls 0.9.1-TDP-0.1.0-SNAPSHOT              [23/26]
[INFO] --------------------------------[ pom ]---------------------------------
[INFO] 
[INFO] --- maven-clean-plugin:3.0.0:clean (default-clean) @ hadoop-shim-impls ---
[INFO] Deleting /tdp/tez/hadoop-shim-impls/target
[INFO] 
[INFO] --- buildnumber-maven-plugin:1.1:create (default) @ hadoop-shim-impls ---
[INFO] Checking for local modifications: skipped.
[INFO] Updating project files from SCM: skipped.
[INFO] Executing: /bin/sh -c cd /tdp/tez/hadoop-shim-impls && git rev-parse --verify HEAD
[INFO] Working directory: /tdp/tez/hadoop-shim-impls
[INFO] Storing buildNumber: 7d9e5afb310a2560728063df81bfa6f6feba0791 at timestamp: 1692206042001
[INFO] Executing: /bin/sh -c cd /tdp/tez/hadoop-shim-impls && git rev-parse --verify HEAD
[INFO] Working directory: /tdp/tez/hadoop-shim-impls
[INFO] Storing buildScmBranch: UNKNOWN
[INFO] 
[INFO] --- build-helper-maven-plugin:1.8:maven-version (maven-version) @ hadoop-shim-impls ---
[INFO] 
[INFO] -------------------< org.apache.tez:hadoop-shim-2.8 >-------------------
[INFO] Building hadoop-shim-2.8 0.9.1-TDP-0.1.0-SNAPSHOT                [24/26]
[INFO] --------------------------------[ jar ]---------------------------------
[INFO] 
[INFO] --- maven-clean-plugin:3.0.0:clean (default-clean) @ hadoop-shim-2.8 ---
[INFO] Deleting /tdp/tez/hadoop-shim-impls/hadoop-shim-2.8/target
[INFO] 
[INFO] --- buildnumber-maven-plugin:1.1:create (default) @ hadoop-shim-2.8 ---
[INFO] Checking for local modifications: skipped.
[INFO] Updating project files from SCM: skipped.
[INFO] Executing: /bin/sh -c cd /tdp/tez/hadoop-shim-impls/hadoop-shim-2.8 && git rev-parse --verify HEAD
[INFO] Working directory: /tdp/tez/hadoop-shim-impls/hadoop-shim-2.8
[INFO] Storing buildNumber: 7d9e5afb310a2560728063df81bfa6f6feba0791 at timestamp: 1692206042025
[INFO] Executing: /bin/sh -c cd /tdp/tez/hadoop-shim-impls/hadoop-shim-2.8 && git rev-parse --verify HEAD
[INFO] Working directory: /tdp/tez/hadoop-shim-impls/hadoop-shim-2.8
[INFO] Storing buildScmBranch: UNKNOWN
[INFO] 
[INFO] --- build-helper-maven-plugin:1.8:maven-version (maven-version) @ hadoop-shim-2.8 ---
[INFO] 
[INFO] --- maven-resources-plugin:2.6:resources (default-resources) @ hadoop-shim-2.8 ---
[INFO] Using 'UTF-8' encoding to copy filtered resources.
[INFO] Copying 1 resource
[INFO] 
[INFO] --- maven-compiler-plugin:3.1:compile (default-compile) @ hadoop-shim-2.8 ---
[INFO] Changes detected - recompiling the module!
[INFO] Compiling 2 source files to /tdp/tez/hadoop-shim-impls/hadoop-shim-2.8/target/classes
[INFO] 
[INFO] --- maven-resources-plugin:2.6:testResources (default-testResources) @ hadoop-shim-2.8 ---
[INFO] Using 'UTF-8' encoding to copy filtered resources.
[INFO] skip non existing resourceDirectory /tdp/tez/hadoop-shim-impls/hadoop-shim-2.8/src/test/resources
[INFO] 
[INFO] --- maven-compiler-plugin:3.1:testCompile (default-testCompile) @ hadoop-shim-2.8 ---
[INFO] Changes detected - recompiling the module!
[INFO] Compiling 2 source files to /tdp/tez/hadoop-shim-impls/hadoop-shim-2.8/target/test-classes
[INFO] 
[INFO] --- maven-surefire-plugin:2.14.1:test (default-test) @ hadoop-shim-2.8 ---
[INFO] Surefire report directory: /tdp/tez/hadoop-shim-impls/hadoop-shim-2.8/target/surefire-reports

-------------------------------------------------------
 T E S T S
-------------------------------------------------------

-------------------------------------------------------
 T E S T S
-------------------------------------------------------
Running org.apache.tez.hadoop.shim.TestHadoopShim28Provider
Tests run: 4, Failures: 0, Errors: 0, Skipped: 0, Time elapsed: 0.13 sec
Running org.apache.tez.hadoop.shim.TestHadoopShim28
Tests run: 1, Failures: 0, Errors: 0, Skipped: 0, Time elapsed: 0.04 sec

Results :

Tests run: 5, Failures: 0, Errors: 0, Skipped: 0

[INFO] 
[INFO] ----------------------< org.apache.tez:tez-dist >-----------------------
[INFO] Building tez-dist 0.9.1-TDP-0.1.0-SNAPSHOT                       [25/26]
[INFO] --------------------------------[ pom ]---------------------------------
[INFO] 
[INFO] --- maven-clean-plugin:3.0.0:clean (default-clean) @ tez-dist ---
[INFO] Deleting /tdp/tez/tez-dist/target
[INFO] 
[INFO] --- buildnumber-maven-plugin:1.1:create (default) @ tez-dist ---
[INFO] Checking for local modifications: skipped.
[INFO] Updating project files from SCM: skipped.
[INFO] Executing: /bin/sh -c cd /tdp/tez/tez-dist && git rev-parse --verify HEAD
[INFO] Working directory: /tdp/tez/tez-dist
[INFO] Storing buildNumber: 7d9e5afb310a2560728063df81bfa6f6feba0791 at timestamp: 1692206042682
[INFO] Executing: /bin/sh -c cd /tdp/tez/tez-dist && git rev-parse --verify HEAD
[INFO] Working directory: /tdp/tez/tez-dist
[INFO] Storing buildScmBranch: UNKNOWN
[INFO] 
[INFO] --- build-helper-maven-plugin:1.8:maven-version (maven-version) @ tez-dist ---
[INFO] 
[INFO] ----------------------< org.apache.tez:tez-docs >-----------------------
[INFO] Building Tez 0.9.1-TDP-0.1.0-SNAPSHOT                            [26/26]
[INFO] --------------------------------[ pom ]---------------------------------
[INFO] 
[INFO] --- maven-clean-plugin:3.0.0:clean (default-clean) @ tez-docs ---
[INFO] Deleting /tdp/tez/docs/target
[INFO] 
[INFO] --- buildnumber-maven-plugin:1.1:create (default) @ tez-docs ---
[INFO] Checking for local modifications: skipped.
[INFO] Updating project files from SCM: skipped.
[INFO] Executing: /bin/sh -c cd /tdp/tez/docs && git rev-parse --verify HEAD
[INFO] Working directory: /tdp/tez/docs
[INFO] Storing buildNumber: 7d9e5afb310a2560728063df81bfa6f6feba0791 at timestamp: 1692206042692
[INFO] Executing: /bin/sh -c cd /tdp/tez/docs && git rev-parse --verify HEAD
[INFO] Working directory: /tdp/tez/docs
[INFO] Storing buildScmBranch: UNKNOWN
[INFO] 
[INFO] --- build-helper-maven-plugin:1.8:maven-version (maven-version) @ tez-docs ---
[INFO] ------------------------------------------------------------------------
[INFO] Reactor Summary for tez 0.9.1-TDP-0.1.0-SNAPSHOT:
[INFO] 
[INFO] tez ................................................ SUCCESS [  0.828 s]
[INFO] hadoop-shim ........................................ SUCCESS [  5.265 s]
[INFO] tez-api ............................................ SUCCESS [01:07 min]
[INFO] tez-common ......................................... SUCCESS [  4.389 s]
[INFO] tez-runtime-internals .............................. SUCCESS [ 18.740 s]
[INFO] tez-runtime-library ................................ SUCCESS [02:22 min]
[INFO] tez-mapreduce ...................................... SUCCESS [ 27.257 s]
[INFO] tez-examples ....................................... SUCCESS [  0.173 s]
[INFO] tez-dag ............................................ FAILURE [02:20 min]
[INFO] tez-tests .......................................... FAILURE [30:29 min]
[INFO] tez-ext-service-tests .............................. FAILURE [ 10.162 s]
[INFO] tez-plugins ........................................ SUCCESS [  0.012 s]
[INFO] tez-yarn-timeline-history .......................... SUCCESS [01:01 min]
[INFO] tez-yarn-timeline-history-with-acls ................ FAILURE [15:00 min]
[INFO] tez-yarn-timeline-cache-plugin ..................... SUCCESS [  0.737 s]
[INFO] tez-yarn-timeline-history-with-fs .................. FAILURE [15:02 min]
[INFO] tez-history-parser ................................. FAILURE [15:00 min]
[INFO] tez-aux-services ................................... SUCCESS [01:58 min]
[INFO] tez-tools .......................................... SUCCESS [  0.011 s]
[INFO] tez-perf-analyzer .................................. SUCCESS [  0.011 s]
[INFO] tez-job-analyzer ................................... FAILURE [15:00 min]
[INFO] tez-javadoc-tools .................................. SUCCESS [  0.118 s]
[INFO] hadoop-shim-impls .................................. SUCCESS [  0.010 s]
[INFO] hadoop-shim-2.8 .................................... SUCCESS [  0.642 s]
[INFO] tez-dist ........................................... SUCCESS [  0.040 s]
[INFO] Tez ................................................ SUCCESS [  0.010 s]
[INFO] ------------------------------------------------------------------------
[INFO] BUILD FAILURE
[INFO] ------------------------------------------------------------------------
[INFO] Total time:  01:40 h
[INFO] Finished at: 2023-08-16T17:14:02Z
[INFO] ------------------------------------------------------------------------
[ERROR] Failed to execute goal org.apache.maven.plugins:maven-surefire-plugin:2.14.1:test (default-test) on project tez-dag: ExecutionException; nested exception is java.util.concurrent.ExecutionException: java.lang.RuntimeException: The forked VM terminated without saying properly goodbye. VM crash or System.exit called ?
[ERROR] Command was/bin/sh -c cd /tdp/tez/tez-dag && /usr/lib/jvm/java-8-openjdk-amd64/jre/bin/java -Xmx1024m -XX:+HeapDumpOnOutOfMemoryError -jar /tdp/tez/tez-dag/target/surefire/surefirebooter7309623703471672104.jar /tdp/tez/tez-dag/target/surefire/surefire6622703257107144672tmp /tdp/tez/tez-dag/target/surefire/surefire_1295585374884843297000tmp
[ERROR] -> [Help 1]
[ERROR] Failed to execute goal org.apache.maven.plugins:maven-surefire-plugin:2.14.1:test (default-test) on project tez-tests: There are test failures.
[ERROR] 
[ERROR] Please refer to /tdp/tez/tez-tests/target/surefire-reports for the individual test results.
[ERROR] -> [Help 1]
[ERROR] Failed to execute goal org.apache.maven.plugins:maven-surefire-plugin:2.14.1:test (default-test) on project tez-ext-service-tests: There are test failures.
[ERROR] 
[ERROR] Please refer to /tdp/tez/tez-ext-service-tests/target/surefire-reports for the individual test results.
[ERROR] -> [Help 1]
[ERROR] Failed to execute goal org.apache.maven.plugins:maven-surefire-plugin:2.14.1:test (default-test) on project tez-yarn-timeline-history-with-acls: There was a timeout or other error in the fork -> [Help 1]
[ERROR] Failed to execute goal org.apache.maven.plugins:maven-surefire-plugin:2.14.1:test (default-test) on project tez-yarn-timeline-history-with-fs: There was a timeout or other error in the fork -> [Help 1]
[ERROR] Failed to execute goal org.apache.maven.plugins:maven-surefire-plugin:2.14.1:test (default-test) on project tez-history-parser: There was a timeout or other error in the fork -> [Help 1]
[ERROR] Failed to execute goal org.apache.maven.plugins:maven-surefire-plugin:2.14.1:test (default-test) on project tez-job-analyzer: There was a timeout or other error in the fork -> [Help 1]
[ERROR] 
[ERROR] To see the full stack trace of the errors, re-run Maven with the -e switch.
[ERROR] Re-run Maven using the -X switch to enable full debug logging.
[ERROR] 
[ERROR] For more information about the errors and possible solutions, please read the following articles:
[ERROR] [Help 1] http://cwiki.apache.org/confluence/display/MAVEN/MojoFailureException
[ERROR] 
[ERROR] After correcting the problems, you can resume the build with the command
[ERROR]   mvn <goals> -rf :tez-dag
[INFO] Build failures were ignored.
